[DEBUG] Starting unsynced job execution. Total jobs: 4
[DEBUG] Starting unsynced job execution. Total jobs: 4
[DEBUG] Time slice 0 begins. Jobs remaining: 4
[DEBUG] Time slice 0 begins. Jobs remaining: 4
[DEBUG] No job found for this time slice.
[DEBUG] Incremented elapsed time to 2.
[DEBUG] No job found for this time slice.
[DEBUG] Incremented elapsed time to 2.
[DEBUG] Time slice 2 begins. Jobs remaining: 4
[DEBUG] Time slice 2 begins. Jobs remaining: 4
[DEBUG] No job found for this time slice.
[DEBUG] Incremented elapsed time to 4.
[DEBUG] No job found for this time slice.
[DEBUG] Incremented elapsed time to 4.
[DEBUG] Time slice 4 begins. Jobs remaining: 4
[DEBUG] Time slice 4 begins. Jobs remaining: 4
[DEBUG] No job found for this time slice.
[DEBUG] Incremented elapsed time to 6.
[DEBUG] No job found for this time slice.
[DEBUG] Incremented elapsed time to 6.
[DEBUG] Time slice 6 begins. Jobs remaining: 4
[DEBUG] Time slice 6 begins. Jobs remaining: 4
[DEBUG] No job found for this time slice.
[DEBUG] Incremented elapsed time to 8.
[DEBUG] No job found for this time slice.
[DEBUG] Incremented elapsed time to 8.
[DEBUG] Time slice 8 begins. Jobs remaining: 4
[DEBUG] Time slice 8 begins. Jobs remaining: 4
[DEBUG] No job found for this time slice.
[DEBUG] Incremented elapsed time to 10.
[DEBUG] No job found for this time slice.
[DEBUG] Incremented elapsed time to 10.
[DEBUG] Time slice 10 begins. Jobs remaining: 4
[DEBUG] Time slice 10 begins. Jobs remaining: 4
[DEBUG] No job found for this time slice.
[DEBUG] Incremented elapsed time to 12.
[DEBUG] No job found for this time slice.
[DEBUG] Incremented elapsed time to 12.
[DEBUG] Time slice 12 begins. Jobs remaining: 4
[DEBUG] Time slice 12 begins. Jobs remaining: 4
[DEBUG] No job found for this time slice.
[DEBUG] Incremented elapsed time to 14.
[DEBUG] No job found for this time slice.
[DEBUG] Incremented elapsed time to 14.
[DEBUG] Time slice 14 begins. Jobs remaining: 4
[DEBUG] Time slice 14 begins. Jobs remaining: 4
[DEBUG] No job found for this time slice.
[DEBUG] Incremented elapsed time to 16.
[DEBUG] No job found for this time slice.
[DEBUG] Incremented elapsed time to 16.
[DEBUG] Time slice 16 begins. Jobs remaining: 4
[DEBUG] Time slice 16 begins. Jobs remaining: 4
[DEBUG] No job found for this time slice.
[DEBUG] Incremented elapsed time to 18.
[DEBUG] No job found for this time slice.
[DEBUG] Incremented elapsed time to 18.
[DEBUG] Time slice 18 begins. Jobs remaining: 4
[DEBUG] Time slice 18 begins. Jobs remaining: 4
[DEBUG] No job found for this time slice.
[DEBUG] Incremented elapsed time to 20.
[DEBUG] No job found for this time slice.
[DEBUG] Incremented elapsed time to 20.
[DEBUG] Time slice 20 begins. Jobs remaining: 4
[DEBUG] Time slice 20 begins. Jobs remaining: 4
[DEBUG] No job found for this time slice.
[DEBUG] Incremented elapsed time to 22.
[DEBUG] No job found for this time slice.
[DEBUG] Incremented elapsed time to 22.
[DEBUG] Time slice 22 begins. Jobs remaining: 4
[DEBUG] Time slice 22 begins. Jobs remaining: 4
[DEBUG] No job found for this time slice.
[DEBUG] Incremented elapsed time to 24.
[DEBUG] No job found for this time slice.
[DEBUG] Incremented elapsed time to 24.
[DEBUG] Time slice 24 begins. Jobs remaining: 4
[DEBUG] Time slice 24 begins. Jobs remaining: 4
[DEBUG] No job found for this time slice.
[DEBUG] Incremented elapsed time to 26.
[DEBUG] No job found for this time slice.
[DEBUG] Incremented elapsed time to 26.
[DEBUG] Time slice 26 begins. Jobs remaining: 4
[DEBUG] Time slice 26 begins. Jobs remaining: 4
[DEBUG] No job found for this time slice.
[DEBUG] Incremented elapsed time to 28.
[DEBUG] No job found for this time slice.
[DEBUG] Incremented elapsed time to 28.
[DEBUG] Time slice 28 begins. Jobs remaining: 4
[DEBUG] Time slice 28 begins. Jobs remaining: 4
[DEBUG] Processed job for User 2. Pages remaining: 11
[DEBUG] Incremented elapsed time to 30.
[DEBUG] Processed job for User 2. Pages remaining: 9
[DEBUG] Incremented elapsed time to 30.
[DEBUG] Time slice 30 begins. Jobs remaining: 4
[DEBUG] Time slice 30 begins. Jobs remaining: 4
[DEBUG] Processed job for User 2. Pages remaining: 7
[DEBUG] Incremented elapsed time to 32.
[DEBUG] Processed job for User 2. Pages remaining: 5
[DEBUG] Incremented elapsed time to 32.
[DEBUG] Time slice 32 begins. Jobs remaining: 4
[DEBUG] Time slice 32 begins. Jobs remaining: 4
[DEBUG] Processed job for User 2. Pages remaining: 3
[DEBUG] Incremented elapsed time to 34.
[DEBUG] Processed job for User 2. Pages remaining: 1
[DEBUG] Incremented elapsed time to 34.
[DEBUG] Time slice 34 begins. Jobs remaining: 4
[DEBUG] Time slice 34 begins. Jobs remaining: 4
[DEBUG] Processed job for User 2. Pages remaining: 0
[DEBUG] Completed job for User 2. Decrementing num_jobs.
[DEBUG] Incremented elapsed time to 36.
[DEBUG] No job found for this time slice.
[DEBUG] Incremented elapsed time to 36.
[DEBUG] Time slice 36 begins. Jobs remaining: 3
[DEBUG] Time slice 36 begins. Jobs remaining: 3
[DEBUG] Processed job for User 1. Pages remaining: 42
[DEBUG] Incremented elapsed time to 38.
[DEBUG] Processed job for User 1. Pages remaining: 40
[DEBUG] Incremented elapsed time to 38.
[DEBUG] Time slice 38 begins. Jobs remaining: 3
[DEBUG] Time slice 38 begins. Jobs remaining: 3
[DEBUG] Processed job for User 1. Pages remaining: 38
[DEBUG] Incremented elapsed time to 40.
[DEBUG] Processed job for User 1. Pages remaining: 36
[DEBUG] Incremented elapsed time to 40.
[DEBUG] Time slice 40 begins. Jobs remaining: 3
[DEBUG] Time slice 40 begins. Jobs remaining: 3
[DEBUG] Processed job for User 1. Pages remaining: 34
[DEBUG] Incremented elapsed time to 42.
[DEBUG] Processed job for User 1. Pages remaining: 32
[DEBUG] Incremented elapsed time to 42.
[DEBUG] Time slice 42 begins. Jobs remaining: 3
[DEBUG] Time slice 42 begins. Jobs remaining: 3
[DEBUG] Processed job for User 1. Pages remaining: 30
[DEBUG] Incremented elapsed time to 44.
[DEBUG] Processed job for User 1. Pages remaining: 28
[DEBUG] Incremented elapsed time to 44.
[DEBUG] Time slice 44 begins. Jobs remaining: 3
[DEBUG] Time slice 44 begins. Jobs remaining: 3
[DEBUG] Processed job for User 1. Pages remaining: 26
[DEBUG] Processed job for User 1. Pages remaining: 24
[DEBUG] Incremented elapsed time to 46.
[DEBUG] Incremented elapsed time to 46.
[DEBUG] Time slice 46 begins. Jobs remaining: 3
[DEBUG] Time slice 46 begins. Jobs remaining: 3
[DEBUG] Processed job for User 1. Pages remaining: 22
[DEBUG] Processed job for User 1. Pages remaining: 20
[DEBUG] Incremented elapsed time to 48.
[DEBUG] Incremented elapsed time to 48.
[DEBUG] Time slice 48 begins. Jobs remaining: 3
[DEBUG] Time slice 48 begins. Jobs remaining: 3
[DEBUG] Processed job for User 1. Pages remaining: 18
[DEBUG] Incremented elapsed time to 50.
[DEBUG] Processed job for User 1. Pages remaining: 16
[DEBUG] Incremented elapsed time to 50.
[DEBUG] Time slice 50 begins. Jobs remaining: 3
[DEBUG] Time slice 50 begins. Jobs remaining: 3
[DEBUG] Processed job for User 1. Pages remaining: 14
[DEBUG] Incremented elapsed time to 52.
[DEBUG] Processed job for User 1. Pages remaining: 12
[DEBUG] Incremented elapsed time to 52.
[DEBUG] Time slice 52 begins. Jobs remaining: 3
[DEBUG] Time slice 52 begins. Jobs remaining: 3
[DEBUG] Processed job for User 1. Pages remaining: 10
[DEBUG] Incremented elapsed time to 54.
[DEBUG] Processed job for User 1. Pages remaining: 8
[DEBUG] Incremented elapsed time to 54.
[DEBUG] Time slice 54 begins. Jobs remaining: 3
[DEBUG] Time slice 54 begins. Jobs remaining: 3
[DEBUG] Processed job for User 1. Pages remaining: 6
[DEBUG] Incremented elapsed time to 56.
[DEBUG] Processed job for User 1. Pages remaining: 4
[DEBUG] Incremented elapsed time to 56.
[DEBUG] Time slice 56 begins. Jobs remaining: 3
[DEBUG] Time slice 56 begins. Jobs remaining: 3
[DEBUG] Processed job for User 1. Pages remaining: 2
[DEBUG] Incremented elapsed time to 58.
[DEBUG] Processed job for User 1. Pages remaining: 0
[DEBUG] Completed job for User 1. Decrementing num_jobs.
[DEBUG] Incremented elapsed time to 58.
[DEBUG] Time slice 58 begins. Jobs remaining: 2
[DEBUG] Time slice 58 begins. Jobs remaining: 2
[DEBUG] No job found for this time slice.
[DEBUG] Incremented elapsed time to 60.
[DEBUG] No job found for this time slice.
[DEBUG] Incremented elapsed time to 60.
[DEBUG] Time slice 60 begins. Jobs remaining: 2
[DEBUG] Time slice 60 begins. Jobs remaining: 2
[DEBUG] No job found for this time slice.
[DEBUG] Incremented elapsed time to 62.
[DEBUG] No job found for this time slice.
[DEBUG] Incremented elapsed time to 62.
[DEBUG] Time slice 62 begins. Jobs remaining: 2
[DEBUG] Time slice 62 begins. Jobs remaining: 2
[DEBUG] No job found for this time slice.
[DEBUG] Incremented elapsed time to 64.
[DEBUG] No job found for this time slice.
[DEBUG] Incremented elapsed time to 64.
[DEBUG] Time slice 64 begins. Jobs remaining: 2
[DEBUG] Time slice 64 begins. Jobs remaining: 2
[DEBUG] No job found for this time slice.
[DEBUG] Incremented elapsed time to 66.
[DEBUG] No job found for this time slice.
[DEBUG] Incremented elapsed time to 66.
[DEBUG] Time slice 66 begins. Jobs remaining: 2
[DEBUG] Time slice 66 begins. Jobs remaining: 2
[DEBUG] No job found for this time slice.
[DEBUG] Incremented elapsed time to 68.
[DEBUG] No job found for this time slice.
[DEBUG] Incremented elapsed time to 68.
[DEBUG] Time slice 68 begins. Jobs remaining: 2
[DEBUG] Time slice 68 begins. Jobs remaining: 2
[DEBUG] No job found for this time slice.
[DEBUG] Incremented elapsed time to 70.
[DEBUG] No job found for this time slice.
[DEBUG] Incremented elapsed time to 70.
[DEBUG] Time slice 70 begins. Jobs remaining: 2
[DEBUG] Time slice 70 begins. Jobs remaining: 2
[DEBUG] No job found for this time slice.
[DEBUG] Incremented elapsed time to 72.
[DEBUG] No job found for this time slice.
[DEBUG] Incremented elapsed time to 72.
[DEBUG] Time slice 72 begins. Jobs remaining: 2
[DEBUG] Time slice 72 begins. Jobs remaining: 2
[DEBUG] No job found for this time slice.
[DEBUG] Incremented elapsed time to 74.
[DEBUG] No job found for this time slice.
[DEBUG] Incremented elapsed time to 74.
[DEBUG] Time slice 74 begins. Jobs remaining: 2
[DEBUG] Time slice 74 begins. Jobs remaining: 2
[DEBUG] No job found for this time slice.
[DEBUG] Incremented elapsed time to 76.
[DEBUG] No job found for this time slice.
[DEBUG] Incremented elapsed time to 76.
[DEBUG] Time slice 76 begins. Jobs remaining: 2
[DEBUG] Time slice 76 begins. Jobs remaining: 2
[DEBUG] No job found for this time slice.
[DEBUG] Incremented elapsed time to 78.
[DEBUG] No job found for this time slice.
[DEBUG] Incremented elapsed time to 78.
[DEBUG] Time slice 78 begins. Jobs remaining: 2
[DEBUG] Time slice 78 begins. Jobs remaining: 2
[DEBUG] Processed job for User 1. Pages remaining: 35
[DEBUG] Incremented elapsed time to 80.
[DEBUG] Processed job for User 1. Pages remaining: 33
[DEBUG] Incremented elapsed time to 80.
[DEBUG] Time slice 80 begins. Jobs remaining: 2
[DEBUG] Time slice 80 begins. Jobs remaining: 2
[DEBUG] Processed job for User 1. Pages remaining: 31
[DEBUG] Incremented elapsed time to 82.
[DEBUG] Processed job for User 1. Pages remaining: 29
[DEBUG] Incremented elapsed time to 82.
[DEBUG] Time slice 82 begins. Jobs remaining: 2
[DEBUG] Time slice 82 begins. Jobs remaining: 2
[DEBUG] Processed job for User 1. Pages remaining: 27
[DEBUG] Incremented elapsed time to 84.
[DEBUG] Processed job for User 1. Pages remaining: 25
[DEBUG] Incremented elapsed time to 84.
[DEBUG] Time slice 84 begins. Jobs remaining: 2
[DEBUG] Time slice 84 begins. Jobs remaining: 2
[DEBUG] Processed job for User 1. Pages remaining: 23
[DEBUG] Incremented elapsed time to 86.
[DEBUG] Processed job for User 1. Pages remaining: 21
[DEBUG] Incremented elapsed time to 86.
[DEBUG] Time slice 86 begins. Jobs remaining: 2
[DEBUG] Time slice 86 begins. Jobs remaining: 2
[DEBUG] Processed job for User 1. Pages remaining: 19
[DEBUG] Incremented elapsed time to 88.
[DEBUG] Processed job for User 1. Pages remaining: 17
[DEBUG] Incremented elapsed time to 88.
[DEBUG] Time slice 88 begins. Jobs remaining: 2
[DEBUG] Time slice 88 begins. Jobs remaining: 2
[DEBUG] Processed job for User 1. Pages remaining: 15
[DEBUG] Incremented elapsed time to 90.
[DEBUG] Processed job for User 1. Pages remaining: 13
[DEBUG] Incremented elapsed time to 90.
[DEBUG] Time slice 90 begins. Jobs remaining: 2
[DEBUG] Time slice 90 begins. Jobs remaining: 2
[DEBUG] Processed job for User 1. Pages remaining: 11
[DEBUG] Incremented elapsed time to 92.
[DEBUG] Processed job for User 1. Pages remaining: 9
[DEBUG] Incremented elapsed time to 92.
[DEBUG] Time slice 92 begins. Jobs remaining: 2
[DEBUG] Time slice 92 begins. Jobs remaining: 2
[DEBUG] Processed job for User 1. Pages remaining: 7
[DEBUG] Incremented elapsed time to 94.
[DEBUG] Processed job for User 1. Pages remaining: 5
[DEBUG] Incremented elapsed time to 94.
[DEBUG] Time slice 94 begins. Jobs remaining: 2
[DEBUG] Time slice 94 begins. Jobs remaining: 2
[DEBUG] Processed job for User 1. Pages remaining: 3
[DEBUG] Incremented elapsed time to 96.
[DEBUG] Processed job for User 1. Pages remaining: 1
[DEBUG] Incremented elapsed time to 96.
[DEBUG] Time slice 96 begins. Jobs remaining: 2
[DEBUG] Time slice 96 begins. Jobs remaining: 2
[DEBUG] Processed job for User 1. Pages remaining: 0
[DEBUG] Completed job for User 1. Decrementing num_jobs.
[DEBUG] Incremented elapsed time to 98.
[DEBUG] No job found for this time slice.
[DEBUG] Incremented elapsed time to 98.
[DEBUG] Time slice 98 begins. Jobs remaining: 1
[DEBUG] Time slice 98 begins. Jobs remaining: 1
[DEBUG] No job found for this time slice.
[DEBUG] Incremented elapsed time to 100.
[DEBUG] No job found for this time slice.
[DEBUG] Incremented elapsed time to 100.
[DEBUG] Time slice 100 begins. Jobs remaining: 1
[DEBUG] No job found for this time slice.
[DEBUG] Incremented elapsed time to 102.
[DEBUG] Time slice 100 begins. Jobs remaining: 1
[DEBUG] No job found for this time slice.
[DEBUG] Incremented elapsed time to 102.
[DEBUG] Time slice 102 begins. Jobs remaining: 1
[DEBUG] No job found for this time slice.
[DEBUG] Incremented elapsed time to 104.
[DEBUG] Time slice 102 begins. Jobs remaining: 1
[DEBUG] No job found for this time slice.
[DEBUG] Incremented elapsed time to 104.
[DEBUG] Time slice 104 begins. Jobs remaining: 1
[DEBUG] No job found for this time slice.
[DEBUG] Incremented elapsed time to 106.
[DEBUG] Time slice 104 begins. Jobs remaining: 1
[DEBUG] No job found for this time slice.
[DEBUG] Incremented elapsed time to 106.
[DEBUG] Time slice 106 begins. Jobs remaining: 1
[DEBUG] No job found for this time slice.
[DEBUG] Incremented elapsed time to 108.
[DEBUG] Time slice 106 begins. Jobs remaining: 1
[DEBUG] No job found for this time slice.
[DEBUG] Incremented elapsed time to 108.
[DEBUG] Time slice 108 begins. Jobs remaining: 1
[DEBUG] No job found for this time slice.
[DEBUG] Incremented elapsed time to 110.
[DEBUG] Time slice 108 begins. Jobs remaining: 1
[DEBUG] No job found for this time slice.
[DEBUG] Incremented elapsed time to 110.
[DEBUG] Time slice 110 begins. Jobs remaining: 1
[DEBUG] No job found for this time slice.
[DEBUG] Incremented elapsed time to 112.
[DEBUG] Time slice 110 begins. Jobs remaining: 1
[DEBUG] No job found for this time slice.
[DEBUG] Incremented elapsed time to 112.
[DEBUG] Time slice 112 begins. Jobs remaining: 1
[DEBUG] No job found for this time slice.
[DEBUG] Incremented elapsed time to 114.
[DEBUG] Time slice 112 begins. Jobs remaining: 1
[DEBUG] No job found for this time slice.
[DEBUG] Incremented elapsed time to 114.
[DEBUG] Time slice 114 begins. Jobs remaining: 1
[DEBUG] No job found for this time slice.
[DEBUG] Incremented elapsed time to 116.
[DEBUG] Time slice 114 begins. Jobs remaining: 1
[DEBUG] No job found for this time slice.
[DEBUG] Incremented elapsed time to 116.
[DEBUG] Time slice 116 begins. Jobs remaining: 1
[DEBUG] No job found for this time slice.
[DEBUG] Incremented elapsed time to 118.
[DEBUG] Time slice 116 begins. Jobs remaining: 1
[DEBUG] No job found for this time slice.
[DEBUG] Incremented elapsed time to 118.
[DEBUG] Time slice 118 begins. Jobs remaining: 1
[DEBUG] No job found for this time slice.
[DEBUG] Incremented elapsed time to 120.
[DEBUG] Time slice 118 begins. Jobs remaining: 1
[DEBUG] No job found for this time slice.
[DEBUG] Incremented elapsed time to 120.
[DEBUG] Time slice 120 begins. Jobs remaining: 1
[DEBUG] No job found for this time slice.
[DEBUG] Incremented elapsed time to 122.
[DEBUG] Time slice 120 begins. Jobs remaining: 1
[DEBUG] No job found for this time slice.
[DEBUG] Incremented elapsed time to 122.
[DEBUG] Time slice 122 begins. Jobs remaining: 1
[DEBUG] No job found for this time slice.
[DEBUG] Incremented elapsed time to 124.
[DEBUG] Time slice 122 begins. Jobs remaining: 1
[DEBUG] No job found for this time slice.
[DEBUG] Incremented elapsed time to 124.
[DEBUG] Time slice 124 begins. Jobs remaining: 1
[DEBUG] No job found for this time slice.
[DEBUG] Incremented elapsed time to 126.
[DEBUG] Time slice 124 begins. Jobs remaining: 1
[DEBUG] No job found for this time slice.
[DEBUG] Incremented elapsed time to 126.
[DEBUG] Time slice 126 begins. Jobs remaining: 1
[DEBUG] No job found for this time slice.
[DEBUG] Incremented elapsed time to 128.
[DEBUG] Time slice 126 begins. Jobs remaining: 1
[DEBUG] No job found for this time slice.
[DEBUG] Incremented elapsed time to 128.
[DEBUG] Time slice 128 begins. Jobs remaining: 1
[DEBUG] No job found for this time slice.
[DEBUG] Incremented elapsed time to 130.
[DEBUG] Time slice 128 begins. Jobs remaining: 1
[DEBUG] No job found for this time slice.
[DEBUG] Incremented elapsed time to 130.
[DEBUG] Time slice 130 begins. Jobs remaining: 1
[DEBUG] No job found for this time slice.
[DEBUG] Incremented elapsed time to 132.
[DEBUG] Time slice 130 begins. Jobs remaining: 1
[DEBUG] No job found for this time slice.
[DEBUG] Incremented elapsed time to 132.
[DEBUG] Time slice 132 begins. Jobs remaining: 1
[DEBUG] No job found for this time slice.
[DEBUG] Incremented elapsed time to 134.
[DEBUG] Time slice 132 begins. Jobs remaining: 1
[DEBUG] No job found for this time slice.
[DEBUG] Incremented elapsed time to 134.
[DEBUG] Time slice 134 begins. Jobs remaining: 1
[DEBUG] No job found for this time slice.
[DEBUG] Incremented elapsed time to 136.
[DEBUG] Time slice 134 begins. Jobs remaining: 1
[DEBUG] No job found for this time slice.
[DEBUG] Incremented elapsed time to 136.
[DEBUG] Time slice 136 begins. Jobs remaining: 1
[DEBUG] Time slice 136 begins. Jobs remaining: 1
[DEBUG] No job found for this time slice.
[DEBUG] Incremented elapsed time to 138.
[DEBUG] No job found for this time slice.
[DEBUG] Incremented elapsed time to 138.
[DEBUG] Time slice 138 begins. Jobs remaining: 1
[DEBUG] No job found for this time slice.
[DEBUG] Incremented elapsed time to 140.
[DEBUG] Time slice 138 begins. Jobs remaining: 1
[DEBUG] No job found for this time slice.
[DEBUG] Incremented elapsed time to 140.
[DEBUG] Time slice 140 begins. Jobs remaining: 1
[DEBUG] No job found for this time slice.
[DEBUG] Incremented elapsed time to 142.
[DEBUG] Time slice 140 begins. Jobs remaining: 1
[DEBUG] No job found for this time slice.
[DEBUG] Incremented elapsed time to 142.
[DEBUG] Time slice 142 begins. Jobs remaining: 1
[DEBUG] No job found for this time slice.
[DEBUG] Incremented elapsed time to 144.
[DEBUG] Time slice 142 begins. Jobs remaining: 1
[DEBUG] No job found for this time slice.
[DEBUG] Incremented elapsed time to 144.
[DEBUG] Time slice 144 begins. Jobs remaining: 1
[DEBUG] Time slice 144 begins. Jobs remaining: 1
[DEBUG] No job found for this time slice.
[DEBUG] Incremented elapsed time to 146.
[DEBUG] No job found for this time slice.
[DEBUG] Incremented elapsed time to 146.
[DEBUG] Time slice 146 begins. Jobs remaining: 1
[DEBUG] Time slice 146 begins. Jobs remaining: 1
[DEBUG] No job found for this time slice.
[DEBUG] Incremented elapsed time to 148.
[DEBUG] No job found for this time slice.
[DEBUG] Incremented elapsed time to 148.
[DEBUG] Time slice 148 begins. Jobs remaining: 1
[DEBUG] Time slice 148 begins. Jobs remaining: 1
[DEBUG] No job found for this time slice.
[DEBUG] Incremented elapsed time to 150.
[DEBUG] No job found for this time slice.
[DEBUG] Incremented elapsed time to 150.
[DEBUG] Time slice 150 begins. Jobs remaining: 1
[DEBUG] Time slice 150 begins. Jobs remaining: 1
[DEBUG] No job found for this time slice.
[DEBUG] Incremented elapsed time to 152.
[DEBUG] No job found for this time slice.
[DEBUG] Incremented elapsed time to 152.
[DEBUG] Time slice 152 begins. Jobs remaining: 1
[DEBUG] Time slice 152 begins. Jobs remaining: 1
[DEBUG] No job found for this time slice.
[DEBUG] Incremented elapsed time to 154.
[DEBUG] No job found for this time slice.
[DEBUG] Incremented elapsed time to 154.
[DEBUG] Time slice 154 begins. Jobs remaining: 1
[DEBUG] Time slice 154 begins. Jobs remaining: 1
[DEBUG] No job found for this time slice.
[DEBUG] Incremented elapsed time to 156.
[DEBUG] No job found for this time slice.
[DEBUG] Incremented elapsed time to 156.
[DEBUG] Time slice 156 begins. Jobs remaining: 1
[DEBUG] Time slice 156 begins. Jobs remaining: 1
[DEBUG] No job found for this time slice.
[DEBUG] Incremented elapsed time to 158.
[DEBUG] No job found for this time slice.
[DEBUG] Incremented elapsed time to 158.
[DEBUG] Time slice 158 begins. Jobs remaining: 1
[DEBUG] Time slice 158 begins. Jobs remaining: 1
[DEBUG] No job found for this time slice.
[DEBUG] Incremented elapsed time to 160.
[DEBUG] No job found for this time slice.
[DEBUG] Incremented elapsed time to 160.
[DEBUG] Time slice 160 begins. Jobs remaining: 1
[DEBUG] Time slice 160 begins. Jobs remaining: 1
[DEBUG] No job found for this time slice.
[DEBUG] Incremented elapsed time to 162.
[DEBUG] No job found for this time slice.
[DEBUG] Incremented elapsed time to 162.
[DEBUG] Time slice 162 begins. Jobs remaining: 1
[DEBUG] Time slice 162 begins. Jobs remaining: 1
[DEBUG] No job found for this time slice.
[DEBUG] Incremented elapsed time to 164.
[DEBUG] No job found for this time slice.
[DEBUG] Incremented elapsed time to 164.
[DEBUG] Time slice 164 begins. Jobs remaining: 1
[DEBUG] Time slice 164 begins. Jobs remaining: 1
[DEBUG] No job found for this time slice.
[DEBUG] Incremented elapsed time to 166.
[DEBUG] No job found for this time slice.
[DEBUG] Incremented elapsed time to 166.
[DEBUG] Time slice 166 begins. Jobs remaining: 1
[DEBUG] Time slice 166 begins. Jobs remaining: 1
[DEBUG] No job found for this time slice.
[DEBUG] Incremented elapsed time to 168.
[DEBUG] No job found for this time slice.
[DEBUG] Incremented elapsed time to 168.
[DEBUG] Time slice 168 begins. Jobs remaining: 1
[DEBUG] Time slice 168 begins. Jobs remaining: 1
[DEBUG] No job found for this time slice.
[DEBUG] Incremented elapsed time to 170.
[DEBUG] No job found for this time slice.
[DEBUG] Incremented elapsed time to 170.
[DEBUG] Time slice 170 begins. Jobs remaining: 1
[DEBUG] Time slice 170 begins. Jobs remaining: 1
[DEBUG] No job found for this time slice.
[DEBUG] Incremented elapsed time to 172.
[DEBUG] No job found for this time slice.
[DEBUG] Incremented elapsed time to 172.
[DEBUG] Time slice 172 begins. Jobs remaining: 1
[DEBUG] Time slice 172 begins. Jobs remaining: 1
[DEBUG] No job found for this time slice.
[DEBUG] Incremented elapsed time to 174.
[DEBUG] No job found for this time slice.
[DEBUG] Incremented elapsed time to 174.
[DEBUG] Time slice 174 begins. Jobs remaining: 1
[DEBUG] No job found for this time slice.
[DEBUG] Incremented elapsed time to 176.
[DEBUG] Time slice 174 begins. Jobs remaining: 1
[DEBUG] No job found for this time slice.
[DEBUG] Incremented elapsed time to 176.
[DEBUG] Time slice 176 begins. Jobs remaining: 1
[DEBUG] No job found for this time slice.
[DEBUG] Incremented elapsed time to 178.
[DEBUG] Time slice 176 begins. Jobs remaining: 1
[DEBUG] No job found for this time slice.
[DEBUG] Incremented elapsed time to 178.
[DEBUG] Time slice 178 begins. Jobs remaining: 1
[DEBUG] No job found for this time slice.
[DEBUG] Incremented elapsed time to 180.
[DEBUG] Time slice 178 begins. Jobs remaining: 1
[DEBUG] No job found for this time slice.
[DEBUG] Incremented elapsed time to 180.
[DEBUG] Time slice 180 begins. Jobs remaining: 1
[DEBUG] Time slice 180 begins. Jobs remaining: 1
[DEBUG] No job found for this time slice.
[DEBUG] Incremented elapsed time to 182.
[DEBUG] No job found for this time slice.
[DEBUG] Incremented elapsed time to 182.
[DEBUG] Time slice 182 begins. Jobs remaining: 1
[DEBUG] Time slice 182 begins. Jobs remaining: 1
[DEBUG] No job found for this time slice.
[DEBUG] Incremented elapsed time to 184.
[DEBUG] No job found for this time slice.
[DEBUG] Incremented elapsed time to 184.
[DEBUG] Time slice 184 begins. Jobs remaining: 1
[DEBUG] Time slice 184 begins. Jobs remaining: 1
[DEBUG] No job found for this time slice.
[DEBUG] Incremented elapsed time to 186.
[DEBUG] No job found for this time slice.
[DEBUG] Incremented elapsed time to 186.
[DEBUG] Time slice 186 begins. Jobs remaining: 1
[DEBUG] Time slice 186 begins. Jobs remaining: 1
[DEBUG] No job found for this time slice.
[DEBUG] Incremented elapsed time to 188.
[DEBUG] No job found for this time slice.
[DEBUG] Incremented elapsed time to 188.
[DEBUG] Time slice 188 begins. Jobs remaining: 1
[DEBUG] Time slice 188 begins. Jobs remaining: 1
[DEBUG] No job found for this time slice.
[DEBUG] Incremented elapsed time to 190.
[DEBUG] No job found for this time slice.
[DEBUG] Incremented elapsed time to 190.
[DEBUG] Time slice 190 begins. Jobs remaining: 1
[DEBUG] Time slice 190 begins. Jobs remaining: 1
[DEBUG] No job found for this time slice.
[DEBUG] Incremented elapsed time to 192.
[DEBUG] No job found for this time slice.
[DEBUG] Incremented elapsed time to 192.
[DEBUG] Time slice 192 begins. Jobs remaining: 1
[DEBUG] Time slice 192 begins. Jobs remaining: 1
[DEBUG] No job found for this time slice.
[DEBUG] Incremented elapsed time to 194.
[DEBUG] No job found for this time slice.
[DEBUG] Incremented elapsed time to 194.
[DEBUG] Time slice 194 begins. Jobs remaining: 1
[DEBUG] Time slice 194 begins. Jobs remaining: 1
[DEBUG] No job found for this time slice.
[DEBUG] Incremented elapsed time to 196.
[DEBUG] No job found for this time slice.
[DEBUG] Incremented elapsed time to 196.
[DEBUG] Time slice 196 begins. Jobs remaining: 1
[DEBUG] Time slice 196 begins. Jobs remaining: 1
[DEBUG] No job found for this time slice.
[DEBUG] Incremented elapsed time to 198.
[DEBUG] No job found for this time slice.
[DEBUG] Incremented elapsed time to 198.
[DEBUG] Time slice 198 begins. Jobs remaining: 1
[DEBUG] Time slice 198 begins. Jobs remaining: 1
[DEBUG] No job found for this time slice.
[DEBUG] Incremented elapsed time to 200.
[DEBUG] No job found for this time slice.
[DEBUG] Incremented elapsed time to 200.
[DEBUG] Time slice 200 begins. Jobs remaining: 1
[DEBUG] Time slice 200 begins. Jobs remaining: 1
[DEBUG] No job found for this time slice.
[DEBUG] Incremented elapsed time to 202.
[DEBUG] No job found for this time slice.
[DEBUG] Incremented elapsed time to 202.
[DEBUG] Time slice 202 begins. Jobs remaining: 1
[DEBUG] Time slice 202 begins. Jobs remaining: 1
[DEBUG] No job found for this time slice.
[DEBUG] Incremented elapsed time to 204.
[DEBUG] No job found for this time slice.
[DEBUG] Incremented elapsed time to 204.
[DEBUG] Time slice 204 begins. Jobs remaining: 1
[DEBUG] Time slice 204 begins. Jobs remaining: 1
[DEBUG] No job found for this time slice.
[DEBUG] Incremented elapsed time to 206.
[DEBUG] No job found for this time slice.
[DEBUG] Incremented elapsed time to 206.
[DEBUG] Time slice 206 begins. Jobs remaining: 1
[DEBUG] Time slice 206 begins. Jobs remaining: 1
[DEBUG] No job found for this time slice.
[DEBUG] Incremented elapsed time to 208.
[DEBUG] No job found for this time slice.
[DEBUG] Incremented elapsed time to 208.
[DEBUG] Time slice 208 begins. Jobs remaining: 1
[DEBUG] Time slice 208 begins. Jobs remaining: 1
[DEBUG] No job found for this time slice.
[DEBUG] Incremented elapsed time to 210.
[DEBUG] No job found for this time slice.
[DEBUG] Incremented elapsed time to 210.
[DEBUG] Time slice 210 begins. Jobs remaining: 1
[DEBUG] Time slice 210 begins. Jobs remaining: 1
[DEBUG] No job found for this time slice.
[DEBUG] Incremented elapsed time to 212.
[DEBUG] No job found for this time slice.
[DEBUG] Incremented elapsed time to 212.
[DEBUG] Time slice 212 begins. Jobs remaining: 1
[DEBUG] Time slice 212 begins. Jobs remaining: 1
[DEBUG] No job found for this time slice.
[DEBUG] Incremented elapsed time to 214.
[DEBUG] No job found for this time slice.
[DEBUG] Incremented elapsed time to 214.
[DEBUG] Time slice 214 begins. Jobs remaining: 1
[DEBUG] Time slice 214 begins. Jobs remaining: 1
[DEBUG] No job found for this time slice.
[DEBUG] Incremented elapsed time to 216.
[DEBUG] No job found for this time slice.
[DEBUG] Incremented elapsed time to 216.
[DEBUG] Time slice 216 begins. Jobs remaining: 1
[DEBUG] Time slice 216 begins. Jobs remaining: 1
[DEBUG] No job found for this time slice.
[DEBUG] Incremented elapsed time to 218.
[DEBUG] No job found for this time slice.
[DEBUG] Incremented elapsed time to 218.
[DEBUG] Time slice 218 begins. Jobs remaining: 1
[DEBUG] Time slice 218 begins. Jobs remaining: 1
[DEBUG] No job found for this time slice.
[DEBUG] Incremented elapsed time to 220.
[DEBUG] No job found for this time slice.
[DEBUG] Incremented elapsed time to 220.
[DEBUG] Time slice 220 begins. Jobs remaining: 1
[DEBUG] Time slice 220 begins. Jobs remaining: 1
[DEBUG] No job found for this time slice.
[DEBUG] Incremented elapsed time to 222.
[DEBUG] No job found for this time slice.
[DEBUG] Incremented elapsed time to 222.
[DEBUG] Time slice 222 begins. Jobs remaining: 1
[DEBUG] Time slice 222 begins. Jobs remaining: 1
[DEBUG] No job found for this time slice.
[DEBUG] Incremented elapsed time to 224.
[DEBUG] No job found for this time slice.
[DEBUG] Incremented elapsed time to 224.
[DEBUG] Time slice 224 begins. Jobs remaining: 1
[DEBUG] Time slice 224 begins. Jobs remaining: 1
[DEBUG] No job found for this time slice.
[DEBUG] Incremented elapsed time to 226.
[DEBUG] No job found for this time slice.
[DEBUG] Incremented elapsed time to 226.
[DEBUG] Time slice 226 begins. Jobs remaining: 1
[DEBUG] Time slice 226 begins. Jobs remaining: 1
[DEBUG] No job found for this time slice.
[DEBUG] Incremented elapsed time to 228.
[DEBUG] No job found for this time slice.
[DEBUG] Incremented elapsed time to 228.
[DEBUG] Time slice 228 begins. Jobs remaining: 1
[DEBUG] Time slice 228 begins. Jobs remaining: 1
[DEBUG] No job found for this time slice.
[DEBUG] Incremented elapsed time to 230.
[DEBUG] No job found for this time slice.
[DEBUG] Incremented elapsed time to 230.
[DEBUG] Time slice 230 begins. Jobs remaining: 1
[DEBUG] Time slice 230 begins. Jobs remaining: 1
[DEBUG] No job found for this time slice.
[DEBUG] Incremented elapsed time to 232.
[DEBUG] No job found for this time slice.
[DEBUG] Incremented elapsed time to 232.
[DEBUG] Time slice 232 begins. Jobs remaining: 1
[DEBUG] Time slice 232 begins. Jobs remaining: 1
[DEBUG] No job found for this time slice.
[DEBUG] Incremented elapsed time to 234.
[DEBUG] No job found for this time slice.
[DEBUG] Incremented elapsed time to 234.
[DEBUG] Time slice 234 begins. Jobs remaining: 1
[DEBUG] No job found for this time slice.
[DEBUG] Incremented elapsed time to 236.
[DEBUG] Time slice 234 begins. Jobs remaining: 1
[DEBUG] No job found for this time slice.
[DEBUG] Incremented elapsed time to 236.
[DEBUG] Time slice 236 begins. Jobs remaining: 1
[DEBUG] Time slice 236 begins. Jobs remaining: 1
[DEBUG] No job found for this time slice.
[DEBUG] Incremented elapsed time to 238.
[DEBUG] No job found for this time slice.
[DEBUG] Incremented elapsed time to 238.
[DEBUG] Time slice 238 begins. Jobs remaining: 1
[DEBUG] Time slice 238 begins. Jobs remaining: 1
[DEBUG] No job found for this time slice.
[DEBUG] Incremented elapsed time to 240.
[DEBUG] No job found for this time slice.
[DEBUG] Incremented elapsed time to 240.
[DEBUG] Time slice 240 begins. Jobs remaining: 1
[DEBUG] Time slice 240 begins. Jobs remaining: 1
[DEBUG] No job found for this time slice.
[DEBUG] Incremented elapsed time to 242.
[DEBUG] No job found for this time slice.
[DEBUG] Incremented elapsed time to 242.
[DEBUG] Time slice 242 begins. Jobs remaining: 1
[DEBUG] Time slice 242 begins. Jobs remaining: 1
[DEBUG] No job found for this time slice.
[DEBUG] Incremented elapsed time to 244.
[DEBUG] No job found for this time slice.
[DEBUG] Incremented elapsed time to 244.
[DEBUG] Time slice 244 begins. Jobs remaining: 1
[DEBUG] No job found for this time slice.
[DEBUG] Incremented elapsed time to 246.
[DEBUG] Time slice 244 begins. Jobs remaining: 1
[DEBUG] No job found for this time slice.
[DEBUG] Incremented elapsed time to 246.
[DEBUG] Time slice 246 begins. Jobs remaining: 1
[DEBUG] Time slice 246 begins. Jobs remaining: 1
[DEBUG] No job found for this time slice.
[DEBUG] Incremented elapsed time to 248.
[DEBUG] No job found for this time slice.
[DEBUG] Incremented elapsed time to 248.
[DEBUG] Time slice 248 begins. Jobs remaining: 1
[DEBUG] No job found for this time slice.
[DEBUG] Incremented elapsed time to 250.
[DEBUG] Time slice 248 begins. Jobs remaining: 1
[DEBUG] No job found for this time slice.
[DEBUG] Incremented elapsed time to 250.
[DEBUG] Time slice 250 begins. Jobs remaining: 1
[DEBUG] No job found for this time slice.
[DEBUG] Incremented elapsed time to 252.
[DEBUG] Time slice 250 begins. Jobs remaining: 1
[DEBUG] No job found for this time slice.
[DEBUG] Incremented elapsed time to 252.
[DEBUG] Time slice 252 begins. Jobs remaining: 1
[DEBUG] Time slice 252 begins. Jobs remaining: 1
[DEBUG] No job found for this time slice.
[DEBUG] Incremented elapsed time to 254.
[DEBUG] No job found for this time slice.
[DEBUG] Incremented elapsed time to 254.
[DEBUG] Time slice 254 begins. Jobs remaining: 1
[DEBUG] No job found for this time slice.
[DEBUG] Incremented elapsed time to 256.
[DEBUG] Time slice 254 begins. Jobs remaining: 1
[DEBUG] No job found for this time slice.
[DEBUG] Incremented elapsed time to 256.
[DEBUG] Time slice 256 begins. Jobs remaining: 1
[DEBUG] No job found for this time slice.
[DEBUG] Incremented elapsed time to 258.
[DEBUG] Time slice 256 begins. Jobs remaining: 1
[DEBUG] No job found for this time slice.
[DEBUG] Incremented elapsed time to 258.
[DEBUG] Time slice 258 begins. Jobs remaining: 1
[DEBUG] No job found for this time slice.
[DEBUG] Incremented elapsed time to 260.
[DEBUG] Time slice 258 begins. Jobs remaining: 1
[DEBUG] No job found for this time slice.
[DEBUG] Incremented elapsed time to 260.
[DEBUG] Time slice 260 begins. Jobs remaining: 1
[DEBUG] No job found for this time slice.
[DEBUG] Incremented elapsed time to 262.
[DEBUG] Time slice 260 begins. Jobs remaining: 1
[DEBUG] No job found for this time slice.
[DEBUG] Incremented elapsed time to 262.
[DEBUG] Time slice 262 begins. Jobs remaining: 1
[DEBUG] No job found for this time slice.
[DEBUG] Incremented elapsed time to 264.
[DEBUG] Time slice 262 begins. Jobs remaining: 1
[DEBUG] No job found for this time slice.
[DEBUG] Incremented elapsed time to 264.
[DEBUG] Time slice 264 begins. Jobs remaining: 1
[DEBUG] No job found for this time slice.
[DEBUG] Incremented elapsed time to 266.
[DEBUG] Time slice 264 begins. Jobs remaining: 1
[DEBUG] No job found for this time slice.
[DEBUG] Incremented elapsed time to 266.
[DEBUG] Time slice 266 begins. Jobs remaining: 1
[DEBUG] No job found for this time slice.
[DEBUG] Incremented elapsed time to 268.
[DEBUG] Time slice 266 begins. Jobs remaining: 1
[DEBUG] No job found for this time slice.
[DEBUG] Incremented elapsed time to 268.
[DEBUG] Time slice 268 begins. Jobs remaining: 1
[DEBUG] No job found for this time slice.
[DEBUG] Incremented elapsed time to 270.
[DEBUG] Time slice 268 begins. Jobs remaining: 1
[DEBUG] No job found for this time slice.
[DEBUG] Incremented elapsed time to 270.
[DEBUG] Time slice 270 begins. Jobs remaining: 1
[DEBUG] No job found for this time slice.
[DEBUG] Incremented elapsed time to 272.
[DEBUG] Time slice 270 begins. Jobs remaining: 1
[DEBUG] No job found for this time slice.
[DEBUG] Incremented elapsed time to 272.
[DEBUG] Time slice 272 begins. Jobs remaining: 1
[DEBUG] No job found for this time slice.
[DEBUG] Incremented elapsed time to 274.
[DEBUG] Time slice 272 begins. Jobs remaining: 1
[DEBUG] No job found for this time slice.
[DEBUG] Incremented elapsed time to 274.
[DEBUG] Time slice 274 begins. Jobs remaining: 1
[DEBUG] No job found for this time slice.
[DEBUG] Incremented elapsed time to 276.
[DEBUG] Time slice 274 begins. Jobs remaining: 1
[DEBUG] No job found for this time slice.
[DEBUG] Incremented elapsed time to 276.
[DEBUG] Time slice 276 begins. Jobs remaining: 1
[DEBUG] No job found for this time slice.
[DEBUG] Incremented elapsed time to 278.
[DEBUG] Time slice 276 begins. Jobs remaining: 1
[DEBUG] No job found for this time slice.
[DEBUG] Incremented elapsed time to 278.
[DEBUG] Time slice 278 begins. Jobs remaining: 1
[DEBUG] No job found for this time slice.
[DEBUG] Incremented elapsed time to 280.
[DEBUG] Time slice 278 begins. Jobs remaining: 1
[DEBUG] No job found for this time slice.
[DEBUG] Incremented elapsed time to 280.
[DEBUG] Time slice 280 begins. Jobs remaining: 1
[DEBUG] No job found for this time slice.
[DEBUG] Incremented elapsed time to 282.
[DEBUG] Time slice 280 begins. Jobs remaining: 1
[DEBUG] No job found for this time slice.
[DEBUG] Incremented elapsed time to 282.
[DEBUG] Time slice 282 begins. Jobs remaining: 1
[DEBUG] No job found for this time slice.
[DEBUG] Incremented elapsed time to 284.
[DEBUG] Time slice 282 begins. Jobs remaining: 1
[DEBUG] No job found for this time slice.
[DEBUG] Incremented elapsed time to 284.
[DEBUG] Time slice 284 begins. Jobs remaining: 1
[DEBUG] Time slice 284 begins. Jobs remaining: 1
[DEBUG] No job found for this time slice.
[DEBUG] Incremented elapsed time to 286.
[DEBUG] No job found for this time slice.
[DEBUG] Incremented elapsed time to 286.
[DEBUG] Time slice 286 begins. Jobs remaining: 1
[DEBUG] Time slice 286 begins. Jobs remaining: 1
[DEBUG] No job found for this time slice.
[DEBUG] Incremented elapsed time to 288.
[DEBUG] No job found for this time slice.
[DEBUG] Incremented elapsed time to 288.
[DEBUG] Time slice 288 begins. Jobs remaining: 1
[DEBUG] Time slice 288 begins. Jobs remaining: 1
[DEBUG] No job found for this time slice.
[DEBUG] Incremented elapsed time to 290.
[DEBUG] No job found for this time slice.
[DEBUG] Incremented elapsed time to 290.
[DEBUG] Time slice 290 begins. Jobs remaining: 1
[DEBUG] Time slice 290 begins. Jobs remaining: 1
[DEBUG] No job found for this time slice.
[DEBUG] Incremented elapsed time to 292.
[DEBUG] No job found for this time slice.
[DEBUG] Incremented elapsed time to 292.
[DEBUG] Time slice 292 begins. Jobs remaining: 1
[DEBUG] Time slice 292 begins. Jobs remaining: 1
[DEBUG] No job found for this time slice.
[DEBUG] Incremented elapsed time to 294.
[DEBUG] No job found for this time slice.
[DEBUG] Incremented elapsed time to 294.
[DEBUG] Time slice 294 begins. Jobs remaining: 1
[DEBUG] Time slice 294 begins. Jobs remaining: 1
[DEBUG] No job found for this time slice.
[DEBUG] Incremented elapsed time to 296.
[DEBUG] No job found for this time slice.
[DEBUG] Incremented elapsed time to 296.
[DEBUG] Time slice 296 begins. Jobs remaining: 1
[DEBUG] Time slice 296 begins. Jobs remaining: 1
[DEBUG] No job found for this time slice.
[DEBUG] Incremented elapsed time to 298.
[DEBUG] No job found for this time slice.
[DEBUG] Incremented elapsed time to 298.
[DEBUG] Time slice 298 begins. Jobs remaining: 1
[DEBUG] Time slice 298 begins. Jobs remaining: 1
[DEBUG] No job found for this time slice.
[DEBUG] Incremented elapsed time to 300.
[DEBUG] No job found for this time slice.
[DEBUG] Incremented elapsed time to 300.
[DEBUG] Time slice 300 begins. Jobs remaining: 1
[DEBUG] Time slice 300 begins. Jobs remaining: 1
[DEBUG] No job found for this time slice.
[DEBUG] Incremented elapsed time to 302.
[DEBUG] No job found for this time slice.
[DEBUG] Incremented elapsed time to 302.
[DEBUG] Time slice 302 begins. Jobs remaining: 1
[DEBUG] Time slice 302 begins. Jobs remaining: 1
[DEBUG] No job found for this time slice.
[DEBUG] Incremented elapsed time to 304.
[DEBUG] No job found for this time slice.
[DEBUG] Incremented elapsed time to 304.
[DEBUG] Time slice 304 begins. Jobs remaining: 1
[DEBUG] Time slice 304 begins. Jobs remaining: 1
[DEBUG] No job found for this time slice.
[DEBUG] Incremented elapsed time to 306.
[DEBUG] No job found for this time slice.
[DEBUG] Incremented elapsed time to 306.
[DEBUG] Time slice 306 begins. Jobs remaining: 1
[DEBUG] Time slice 306 begins. Jobs remaining: 1
[DEBUG] No job found for this time slice.
[DEBUG] Incremented elapsed time to 308.
[DEBUG] No job found for this time slice.
[DEBUG] Incremented elapsed time to 308.
[DEBUG] Time slice 308 begins. Jobs remaining: 1
[DEBUG] Time slice 308 begins. Jobs remaining: 1
[DEBUG] No job found for this time slice.
[DEBUG] Incremented elapsed time to 310.
[DEBUG] No job found for this time slice.
[DEBUG] Incremented elapsed time to 310.
[DEBUG] Time slice 310 begins. Jobs remaining: 1
[DEBUG] Time slice 310 begins. Jobs remaining: 1
[DEBUG] No job found for this time slice.
[DEBUG] Incremented elapsed time to 312.
[DEBUG] No job found for this time slice.
[DEBUG] Incremented elapsed time to 312.
[DEBUG] Time slice 312 begins. Jobs remaining: 1
[DEBUG] Time slice 312 begins. Jobs remaining: 1
[DEBUG] No job found for this time slice.
[DEBUG] Incremented elapsed time to 314.
[DEBUG] No job found for this time slice.
[DEBUG] Incremented elapsed time to 314.
[DEBUG] Time slice 314 begins. Jobs remaining: 1
[DEBUG] Time slice 314 begins. Jobs remaining: 1
[DEBUG] No job found for this time slice.
[DEBUG] Incremented elapsed time to 316.
[DEBUG] No job found for this time slice.
[DEBUG] Incremented elapsed time to 316.
[DEBUG] Time slice 316 begins. Jobs remaining: 1
[DEBUG] Time slice 316 begins. Jobs remaining: 1
[DEBUG] No job found for this time slice.
[DEBUG] Incremented elapsed time to 318.
[DEBUG] No job found for this time slice.
[DEBUG] Incremented elapsed time to 318.
[DEBUG] Time slice 318 begins. Jobs remaining: 1
[DEBUG] Time slice 318 begins. Jobs remaining: 1
[DEBUG] No job found for this time slice.
[DEBUG] Incremented elapsed time to 320.
[DEBUG] No job found for this time slice.
[DEBUG] Incremented elapsed time to 320.
[DEBUG] Time slice 320 begins. Jobs remaining: 1
[DEBUG] No job found for this time slice.
[DEBUG] Incremented elapsed time to 322.
[DEBUG] Time slice 320 begins. Jobs remaining: 1
[DEBUG] No job found for this time slice.
[DEBUG] Incremented elapsed time to 322.
[DEBUG] Time slice 322 begins. Jobs remaining: 1
[DEBUG] No job found for this time slice.
[DEBUG] Incremented elapsed time to 324.
[DEBUG] Time slice 322 begins. Jobs remaining: 1
[DEBUG] No job found for this time slice.
[DEBUG] Incremented elapsed time to 324.
[DEBUG] Time slice 324 begins. Jobs remaining: 1
[DEBUG] No job found for this time slice.
[DEBUG] Incremented elapsed time to 326.
[DEBUG] Time slice 324 begins. Jobs remaining: 1
[DEBUG] No job found for this time slice.
[DEBUG] Incremented elapsed time to 326.
[DEBUG] Time slice 326 begins. Jobs remaining: 1
[DEBUG] No job found for this time slice.
[DEBUG] Incremented elapsed time to 328.
[DEBUG] Time slice 326 begins. Jobs remaining: 1
[DEBUG] No job found for this time slice.
[DEBUG] Incremented elapsed time to 328.
[DEBUG] Time slice 328 begins. Jobs remaining: 1
[DEBUG] No job found for this time slice.
[DEBUG] Incremented elapsed time to 330.
[DEBUG] Time slice 328 begins. Jobs remaining: 1
[DEBUG] No job found for this time slice.
[DEBUG] Incremented elapsed time to 330.
[DEBUG] Time slice 330 begins. Jobs remaining: 1
[DEBUG] No job found for this time slice.
[DEBUG] Incremented elapsed time to 332.
[DEBUG] Time slice 330 begins. Jobs remaining: 1
[DEBUG] No job found for this time slice.
[DEBUG] Incremented elapsed time to 332.
[DEBUG] Time slice 332 begins. Jobs remaining: 1
[DEBUG] No job found for this time slice.
[DEBUG] Incremented elapsed time to 334.
[DEBUG] Time slice 332 begins. Jobs remaining: 1
[DEBUG] No job found for this time slice.
[DEBUG] Incremented elapsed time to 334.
[DEBUG] Time slice 334 begins. Jobs remaining: 1
[DEBUG] No job found for this time slice.
[DEBUG] Incremented elapsed time to 336.
[DEBUG] Time slice 334 begins. Jobs remaining: 1
[DEBUG] No job found for this time slice.
[DEBUG] Incremented elapsed time to 336.
[DEBUG] Time slice 336 begins. Jobs remaining: 1
[DEBUG] No job found for this time slice.
[DEBUG] Incremented elapsed time to 338.
[DEBUG] Time slice 336 begins. Jobs remaining: 1
[DEBUG] No job found for this time slice.
[DEBUG] Incremented elapsed time to 338.
[DEBUG] Time slice 338 begins. Jobs remaining: 1
[DEBUG] No job found for this time slice.
[DEBUG] Incremented elapsed time to 340.
[DEBUG] Time slice 338 begins. Jobs remaining: 1
[DEBUG] No job found for this time slice.
[DEBUG] Incremented elapsed time to 340.
[DEBUG] Time slice 340 begins. Jobs remaining: 1
[DEBUG] No job found for this time slice.
[DEBUG] Incremented elapsed time to 342.
[DEBUG] Time slice 340 begins. Jobs remaining: 1
[DEBUG] No job found for this time slice.
[DEBUG] Incremented elapsed time to 342.
[DEBUG] Time slice 342 begins. Jobs remaining: 1
[DEBUG] No job found for this time slice.
[DEBUG] Incremented elapsed time to 344.
[DEBUG] Time slice 342 begins. Jobs remaining: 1
[DEBUG] No job found for this time slice.
[DEBUG] Incremented elapsed time to 344.
[DEBUG] Time slice 344 begins. Jobs remaining: 1
[DEBUG] No job found for this time slice.
[DEBUG] Incremented elapsed time to 346.
[DEBUG] Time slice 344 begins. Jobs remaining: 1
[DEBUG] No job found for this time slice.
[DEBUG] Incremented elapsed time to 346.
[DEBUG] Time slice 346 begins. Jobs remaining: 1
[DEBUG] No job found for this time slice.
[DEBUG] Incremented elapsed time to 348.
[DEBUG] Time slice 346 begins. Jobs remaining: 1
[DEBUG] No job found for this time slice.
[DEBUG] Incremented elapsed time to 348.
[DEBUG] Time slice 348 begins. Jobs remaining: 1
[DEBUG] No job found for this time slice.
[DEBUG] Incremented elapsed time to 350.
[DEBUG] Time slice 348 begins. Jobs remaining: 1
[DEBUG] No job found for this time slice.
[DEBUG] Incremented elapsed time to 350.
[DEBUG] Time slice 350 begins. Jobs remaining: 1
[DEBUG] No job found for this time slice.
[DEBUG] Incremented elapsed time to 352.
[DEBUG] Time slice 350 begins. Jobs remaining: 1
[DEBUG] No job found for this time slice.
[DEBUG] Incremented elapsed time to 352.
[DEBUG] Time slice 352 begins. Jobs remaining: 1
[DEBUG] No job found for this time slice.
[DEBUG] Incremented elapsed time to 354.
[DEBUG] Time slice 352 begins. Jobs remaining: 1
[DEBUG] No job found for this time slice.
[DEBUG] Incremented elapsed time to 354.
[DEBUG] Time slice 354 begins. Jobs remaining: 1
[DEBUG] No job found for this time slice.
[DEBUG] Incremented elapsed time to 356.
[DEBUG] Time slice 354 begins. Jobs remaining: 1
[DEBUG] No job found for this time slice.
[DEBUG] Incremented elapsed time to 356.
[DEBUG] Time slice 356 begins. Jobs remaining: 1
[DEBUG] No job found for this time slice.
[DEBUG] Incremented elapsed time to 358.
[DEBUG] Time slice 356 begins. Jobs remaining: 1
[DEBUG] No job found for this time slice.
[DEBUG] Incremented elapsed time to 358.
[DEBUG] Time slice 358 begins. Jobs remaining: 1
[DEBUG] No job found for this time slice.
[DEBUG] Incremented elapsed time to 360.
[DEBUG] Time slice 358 begins. Jobs remaining: 1
[DEBUG] No job found for this time slice.
[DEBUG] Incremented elapsed time to 360.
[DEBUG] Time slice 360 begins. Jobs remaining: 1
[DEBUG] No job found for this time slice.
[DEBUG] Incremented elapsed time to 362.
[DEBUG] Time slice 360 begins. Jobs remaining: 1
[DEBUG] No job found for this time slice.
[DEBUG] Incremented elapsed time to 362.
[DEBUG] Time slice 362 begins. Jobs remaining: 1
[DEBUG] No job found for this time slice.
[DEBUG] Incremented elapsed time to 364.
[DEBUG] Time slice 362 begins. Jobs remaining: 1
[DEBUG] No job found for this time slice.
[DEBUG] Incremented elapsed time to 364.
[DEBUG] Time slice 364 begins. Jobs remaining: 1
[DEBUG] No job found for this time slice.
[DEBUG] Incremented elapsed time to 366.
[DEBUG] Time slice 364 begins. Jobs remaining: 1
[DEBUG] No job found for this time slice.
[DEBUG] Incremented elapsed time to 366.
[DEBUG] Time slice 366 begins. Jobs remaining: 1
[DEBUG] No job found for this time slice.
[DEBUG] Incremented elapsed time to 368.
[DEBUG] Time slice 366 begins. Jobs remaining: 1
[DEBUG] No job found for this time slice.
[DEBUG] Incremented elapsed time to 368.
[DEBUG] Time slice 368 begins. Jobs remaining: 1
[DEBUG] No job found for this time slice.
[DEBUG] Incremented elapsed time to 370.
[DEBUG] Time slice 368 begins. Jobs remaining: 1
[DEBUG] No job found for this time slice.
[DEBUG] Incremented elapsed time to 370.
[DEBUG] Time slice 370 begins. Jobs remaining: 1
[DEBUG] No job found for this time slice.
[DEBUG] Incremented elapsed time to 372.
[DEBUG] Time slice 370 begins. Jobs remaining: 1
[DEBUG] No job found for this time slice.
[DEBUG] Incremented elapsed time to 372.
[DEBUG] Time slice 372 begins. Jobs remaining: 1
[DEBUG] No job found for this time slice.
[DEBUG] Incremented elapsed time to 374.
[DEBUG] Time slice 372 begins. Jobs remaining: 1
[DEBUG] No job found for this time slice.
[DEBUG] Incremented elapsed time to 374.
[DEBUG] Time slice 374 begins. Jobs remaining: 1
[DEBUG] No job found for this time slice.
[DEBUG] Incremented elapsed time to 376.
[DEBUG] Time slice 374 begins. Jobs remaining: 1
[DEBUG] No job found for this time slice.
[DEBUG] Incremented elapsed time to 376.
[DEBUG] Time slice 376 begins. Jobs remaining: 1
[DEBUG] No job found for this time slice.
[DEBUG] Incremented elapsed time to 378.
[DEBUG] Time slice 376 begins. Jobs remaining: 1
[DEBUG] No job found for this time slice.
[DEBUG] Incremented elapsed time to 378.
[DEBUG] Time slice 378 begins. Jobs remaining: 1
[DEBUG] No job found for this time slice.
[DEBUG] Incremented elapsed time to 380.
[DEBUG] Time slice 378 begins. Jobs remaining: 1
[DEBUG] No job found for this time slice.
[DEBUG] Incremented elapsed time to 380.
[DEBUG] Time slice 380 begins. Jobs remaining: 1
[DEBUG] No job found for this time slice.
[DEBUG] Incremented elapsed time to 382.
[DEBUG] Time slice 380 begins. Jobs remaining: 1
[DEBUG] No job found for this time slice.
[DEBUG] Incremented elapsed time to 382.
[DEBUG] Time slice 382 begins. Jobs remaining: 1
[DEBUG] No job found for this time slice.
[DEBUG] Incremented elapsed time to 384.
[DEBUG] Time slice 382 begins. Jobs remaining: 1
[DEBUG] No job found for this time slice.
[DEBUG] Incremented elapsed time to 384.
[DEBUG] Time slice 384 begins. Jobs remaining: 1
[DEBUG] No job found for this time slice.
[DEBUG] Incremented elapsed time to 386.
[DEBUG] Time slice 384 begins. Jobs remaining: 1
[DEBUG] No job found for this time slice.
[DEBUG] Incremented elapsed time to 386.
[DEBUG] Time slice 386 begins. Jobs remaining: 1
[DEBUG] No job found for this time slice.
[DEBUG] Incremented elapsed time to 388.
[DEBUG] Time slice 386 begins. Jobs remaining: 1
[DEBUG] No job found for this time slice.
[DEBUG] Incremented elapsed time to 388.
[DEBUG] Time slice 388 begins. Jobs remaining: 1
[DEBUG] No job found for this time slice.
[DEBUG] Incremented elapsed time to 390.
[DEBUG] Time slice 388 begins. Jobs remaining: 1
[DEBUG] No job found for this time slice.
[DEBUG] Incremented elapsed time to 390.
[DEBUG] Time slice 390 begins. Jobs remaining: 1
[DEBUG] No job found for this time slice.
[DEBUG] Incremented elapsed time to 392.
[DEBUG] Time slice 390 begins. Jobs remaining: 1
[DEBUG] No job found for this time slice.
[DEBUG] Incremented elapsed time to 392.
[DEBUG] Time slice 392 begins. Jobs remaining: 1
[DEBUG] No job found for this time slice.
[DEBUG] Incremented elapsed time to 394.
[DEBUG] Time slice 392 begins. Jobs remaining: 1
[DEBUG] No job found for this time slice.
[DEBUG] Incremented elapsed time to 394.
[DEBUG] Time slice 394 begins. Jobs remaining: 1
[DEBUG] No job found for this time slice.
[DEBUG] Incremented elapsed time to 396.
[DEBUG] Time slice 394 begins. Jobs remaining: 1
[DEBUG] No job found for this time slice.
[DEBUG] Incremented elapsed time to 396.
[DEBUG] Time slice 396 begins. Jobs remaining: 1
[DEBUG] No job found for this time slice.
[DEBUG] Incremented elapsed time to 398.
[DEBUG] Time slice 396 begins. Jobs remaining: 1
[DEBUG] No job found for this time slice.
[DEBUG] Incremented elapsed time to 398.
[DEBUG] Time slice 398 begins. Jobs remaining: 1
[DEBUG] No job found for this time slice.
[DEBUG] Incremented elapsed time to 400.
[DEBUG] Time slice 398 begins. Jobs remaining: 1
[DEBUG] No job found for this time slice.
[DEBUG] Incremented elapsed time to 400.
[DEBUG] Time slice 400 begins. Jobs remaining: 1
[DEBUG] No job found for this time slice.
[DEBUG] Incremented elapsed time to 402.
[DEBUG] Time slice 400 begins. Jobs remaining: 1
[DEBUG] No job found for this time slice.
[DEBUG] Incremented elapsed time to 402.
[DEBUG] Time slice 402 begins. Jobs remaining: 1
[DEBUG] No job found for this time slice.
[DEBUG] Incremented elapsed time to 404.
[DEBUG] Time slice 402 begins. Jobs remaining: 1
[DEBUG] No job found for this time slice.
[DEBUG] Incremented elapsed time to 404.
[DEBUG] Time slice 404 begins. Jobs remaining: 1
[DEBUG] No job found for this time slice.
[DEBUG] Incremented elapsed time to 406.
[DEBUG] Time slice 404 begins. Jobs remaining: 1
[DEBUG] No job found for this time slice.
[DEBUG] Incremented elapsed time to 406.
[DEBUG] Time slice 406 begins. Jobs remaining: 1
[DEBUG] No job found for this time slice.
[DEBUG] Incremented elapsed time to 408.
[DEBUG] Time slice 406 begins. Jobs remaining: 1
[DEBUG] No job found for this time slice.
[DEBUG] Incremented elapsed time to 408.
[DEBUG] Time slice 408 begins. Jobs remaining: 1
[DEBUG] No job found for this time slice.
[DEBUG] Incremented elapsed time to 410.
[DEBUG] Time slice 408 begins. Jobs remaining: 1
[DEBUG] No job found for this time slice.
[DEBUG] Incremented elapsed time to 410.
[DEBUG] Time slice 410 begins. Jobs remaining: 1
[DEBUG] No job found for this time slice.
[DEBUG] Incremented elapsed time to 412.
[DEBUG] Time slice 410 begins. Jobs remaining: 1
[DEBUG] No job found for this time slice.
[DEBUG] Incremented elapsed time to 412.
[DEBUG] Time slice 412 begins. Jobs remaining: 1
[DEBUG] Time slice 412 begins. Jobs remaining: 1
[DEBUG] No job found for this time slice.
[DEBUG] Incremented elapsed time to 414.
[DEBUG] No job found for this time slice.
[DEBUG] Incremented elapsed time to 414.
[DEBUG] Time slice 414 begins. Jobs remaining: 1
[DEBUG] Time slice 414 begins. Jobs remaining: 1
[DEBUG] No job found for this time slice.
[DEBUG] Incremented elapsed time to 416.
[DEBUG] No job found for this time slice.
[DEBUG] Incremented elapsed time to 416.
[DEBUG] Time slice 416 begins. Jobs remaining: 1
[DEBUG] Time slice 416 begins. Jobs remaining: 1
[DEBUG] No job found for this time slice.
[DEBUG] Incremented elapsed time to 418.
[DEBUG] No job found for this time slice.
[DEBUG] Incremented elapsed time to 418.
[DEBUG] Time slice 418 begins. Jobs remaining: 1
[DEBUG] No job found for this time slice.
[DEBUG] Incremented elapsed time to 420.
[DEBUG] Time slice 418 begins. Jobs remaining: 1
[DEBUG] No job found for this time slice.
[DEBUG] Incremented elapsed time to 420.
[DEBUG] Time slice 420 begins. Jobs remaining: 1
[DEBUG] No job found for this time slice.
[DEBUG] Incremented elapsed time to 422.
[DEBUG] Time slice 420 begins. Jobs remaining: 1
[DEBUG] No job found for this time slice.
[DEBUG] Incremented elapsed time to 422.
[DEBUG] Time slice 422 begins. Jobs remaining: 1
[DEBUG] Time slice 422 begins. Jobs remaining: 1
[DEBUG] No job found for this time slice.
[DEBUG] Incremented elapsed time to 424.
[DEBUG] No job found for this time slice.
[DEBUG] Incremented elapsed time to 424.
[DEBUG] Time slice 424 begins. Jobs remaining: 1
[DEBUG] Time slice 424 begins. Jobs remaining: 1
[DEBUG] No job found for this time slice.
[DEBUG] Incremented elapsed time to 426.
[DEBUG] No job found for this time slice.
[DEBUG] Incremented elapsed time to 426.
[DEBUG] Time slice 426 begins. Jobs remaining: 1
[DEBUG] Time slice 426 begins. Jobs remaining: 1
[DEBUG] No job found for this time slice.
[DEBUG] Incremented elapsed time to 428.
[DEBUG] No job found for this time slice.
[DEBUG] Incremented elapsed time to 428.
[DEBUG] Time slice 428 begins. Jobs remaining: 1
[DEBUG] Time slice 428 begins. Jobs remaining: 1
[DEBUG] No job found for this time slice.
[DEBUG] Incremented elapsed time to 430.
[DEBUG] No job found for this time slice.
[DEBUG] Incremented elapsed time to 430.
[DEBUG] Time slice 430 begins. Jobs remaining: 1
[DEBUG] Time slice 430 begins. Jobs remaining: 1
[DEBUG] No job found for this time slice.
[DEBUG] Incremented elapsed time to 432.
[DEBUG] No job found for this time slice.
[DEBUG] Incremented elapsed time to 432.
[DEBUG] Time slice 432 begins. Jobs remaining: 1
[DEBUG] Time slice 432 begins. Jobs remaining: 1
[DEBUG] No job found for this time slice.
[DEBUG] Incremented elapsed time to 434.
[DEBUG] No job found for this time slice.
[DEBUG] Incremented elapsed time to 434.
[DEBUG] Time slice 434 begins. Jobs remaining: 1
[DEBUG] Time slice 434 begins. Jobs remaining: 1
[DEBUG] No job found for this time slice.
[DEBUG] Incremented elapsed time to 436.
[DEBUG] No job found for this time slice.
[DEBUG] Incremented elapsed time to 436.
[DEBUG] Time slice 436 begins. Jobs remaining: 1
[DEBUG] Time slice 436 begins. Jobs remaining: 1
[DEBUG] No job found for this time slice.
[DEBUG] Incremented elapsed time to 438.
[DEBUG] No job found for this time slice.
[DEBUG] Incremented elapsed time to 438.
[DEBUG] Time slice 438 begins. Jobs remaining: 1
[DEBUG] Time slice 438 begins. Jobs remaining: 1
[DEBUG] No job found for this time slice.
[DEBUG] Incremented elapsed time to 440.
[DEBUG] No job found for this time slice.
[DEBUG] Incremented elapsed time to 440.
[DEBUG] Time slice 440 begins. Jobs remaining: 1
[DEBUG] Time slice 440 begins. Jobs remaining: 1
[DEBUG] No job found for this time slice.
[DEBUG] Incremented elapsed time to 442.
[DEBUG] No job found for this time slice.
[DEBUG] Incremented elapsed time to 442.
[DEBUG] Time slice 442 begins. Jobs remaining: 1
[DEBUG] Time slice 442 begins. Jobs remaining: 1
[DEBUG] No job found for this time slice.
[DEBUG] Incremented elapsed time to 444.
[DEBUG] No job found for this time slice.
[DEBUG] Incremented elapsed time to 444.
[DEBUG] Time slice 444 begins. Jobs remaining: 1
[DEBUG] Time slice 444 begins. Jobs remaining: 1
[DEBUG] No job found for this time slice.
[DEBUG] Incremented elapsed time to 446.
[DEBUG] No job found for this time slice.
[DEBUG] Incremented elapsed time to 446.
[DEBUG] Time slice 446 begins. Jobs remaining: 1
[DEBUG] Time slice 446 begins. Jobs remaining: 1
[DEBUG] No job found for this time slice.
[DEBUG] Incremented elapsed time to 448.
[DEBUG] No job found for this time slice.
[DEBUG] Incremented elapsed time to 448.
[DEBUG] Time slice 448 begins. Jobs remaining: 1
[DEBUG] Time slice 448 begins. Jobs remaining: 1
[DEBUG] No job found for this time slice.
[DEBUG] Incremented elapsed time to 450.
[DEBUG] No job found for this time slice.
[DEBUG] Incremented elapsed time to 450.
[DEBUG] Time slice 450 begins. Jobs remaining: 1
[DEBUG] Time slice 450 begins. Jobs remaining: 1
[DEBUG] No job found for this time slice.
[DEBUG] Incremented elapsed time to 452.
[DEBUG] No job found for this time slice.
[DEBUG] Incremented elapsed time to 452.
[DEBUG] Time slice 452 begins. Jobs remaining: 1
[DEBUG] Time slice 452 begins. Jobs remaining: 1
[DEBUG] No job found for this time slice.
[DEBUG] Incremented elapsed time to 454.
[DEBUG] No job found for this time slice.
[DEBUG] Incremented elapsed time to 454.
[DEBUG] Time slice 454 begins. Jobs remaining: 1
[DEBUG] Time slice 454 begins. Jobs remaining: 1
[DEBUG] No job found for this time slice.
[DEBUG] Incremented elapsed time to 456.
[DEBUG] No job found for this time slice.
[DEBUG] Incremented elapsed time to 456.
[DEBUG] Time slice 456 begins. Jobs remaining: 1
[DEBUG] Time slice 456 begins. Jobs remaining: 1
[DEBUG] No job found for this time slice.
[DEBUG] Incremented elapsed time to 458.
[DEBUG] No job found for this time slice.
[DEBUG] Incremented elapsed time to 458.
[DEBUG] Time slice 458 begins. Jobs remaining: 1
[DEBUG] Time slice 458 begins. Jobs remaining: 1
[DEBUG] No job found for this time slice.
[DEBUG] Incremented elapsed time to 460.
[DEBUG] No job found for this time slice.
[DEBUG] Incremented elapsed time to 460.
[DEBUG] Time slice 460 begins. Jobs remaining: 1
[DEBUG] Time slice 460 begins. Jobs remaining: 1
[DEBUG] No job found for this time slice.
[DEBUG] Incremented elapsed time to 462.
[DEBUG] No job found for this time slice.
[DEBUG] Incremented elapsed time to 462.
[DEBUG] Time slice 462 begins. Jobs remaining: 1
[DEBUG] Time slice 462 begins. Jobs remaining: 1
[DEBUG] No job found for this time slice.
[DEBUG] Incremented elapsed time to 464.
[DEBUG] No job found for this time slice.
[DEBUG] Incremented elapsed time to 464.
[DEBUG] Time slice 464 begins. Jobs remaining: 1
[DEBUG] Time slice 464 begins. Jobs remaining: 1
[DEBUG] No job found for this time slice.
[DEBUG] Incremented elapsed time to 466.
[DEBUG] No job found for this time slice.
[DEBUG] Incremented elapsed time to 466.
[DEBUG] Time slice 466 begins. Jobs remaining: 1
[DEBUG] Time slice 466 begins. Jobs remaining: 1
[DEBUG] No job found for this time slice.
[DEBUG] Incremented elapsed time to 468.
[DEBUG] No job found for this time slice.
[DEBUG] Incremented elapsed time to 468.
[DEBUG] Time slice 468 begins. Jobs remaining: 1
[DEBUG] Time slice 468 begins. Jobs remaining: 1
[DEBUG] No job found for this time slice.
[DEBUG] Incremented elapsed time to 470.
[DEBUG] No job found for this time slice.
[DEBUG] Incremented elapsed time to 470.
[DEBUG] Time slice 470 begins. Jobs remaining: 1
[DEBUG] Time slice 470 begins. Jobs remaining: 1
[DEBUG] No job found for this time slice.
[DEBUG] Incremented elapsed time to 472.
[DEBUG] No job found for this time slice.
[DEBUG] Incremented elapsed time to 472.
[DEBUG] Time slice 472 begins. Jobs remaining: 1
[DEBUG] Time slice 472 begins. Jobs remaining: 1
[DEBUG] No job found for this time slice.
[DEBUG] Incremented elapsed time to 474.
[DEBUG] No job found for this time slice.
[DEBUG] Incremented elapsed time to 474.
[DEBUG] Time slice 474 begins. Jobs remaining: 1
[DEBUG] Time slice 474 begins. Jobs remaining: 1
[DEBUG] No job found for this time slice.
[DEBUG] Incremented elapsed time to 476.
[DEBUG] No job found for this time slice.
[DEBUG] Incremented elapsed time to 476.
[DEBUG] Time slice 476 begins. Jobs remaining: 1
[DEBUG] No job found for this time slice.
[DEBUG] Incremented elapsed time to 478.
[DEBUG] Time slice 476 begins. Jobs remaining: 1
[DEBUG] No job found for this time slice.
[DEBUG] Incremented elapsed time to 478.
[DEBUG] Time slice 478 begins. Jobs remaining: 1
[DEBUG] Time slice 478 begins. Jobs remaining: 1
[DEBUG] No job found for this time slice.
[DEBUG] Incremented elapsed time to 480.
[DEBUG] No job found for this time slice.
[DEBUG] Incremented elapsed time to 480.
[DEBUG] Time slice 480 begins. Jobs remaining: 1
[DEBUG] Time slice 480 begins. Jobs remaining: 1
[DEBUG] No job found for this time slice.
[DEBUG] Incremented elapsed time to 482.
[DEBUG] No job found for this time slice.
[DEBUG] Incremented elapsed time to 482.
[DEBUG] Time slice 482 begins. Jobs remaining: 1
[DEBUG] Time slice 482 begins. Jobs remaining: 1
[DEBUG] No job found for this time slice.
[DEBUG] Incremented elapsed time to 484.
[DEBUG] No job found for this time slice.
[DEBUG] Incremented elapsed time to 484.
[DEBUG] Time slice 484 begins. Jobs remaining: 1
[DEBUG] Time slice 484 begins. Jobs remaining: 1
[DEBUG] No job found for this time slice.
[DEBUG] Incremented elapsed time to 486.
[DEBUG] No job found for this time slice.
[DEBUG] Incremented elapsed time to 486.
[DEBUG] Time slice 486 begins. Jobs remaining: 1
[DEBUG] Time slice 486 begins. Jobs remaining: 1
[DEBUG] No job found for this time slice.
[DEBUG] Incremented elapsed time to 488.
[DEBUG] No job found for this time slice.
[DEBUG] Incremented elapsed time to 488.
[DEBUG] Time slice 488 begins. Jobs remaining: 1
[DEBUG] Time slice 488 begins. Jobs remaining: 1
[DEBUG] No job found for this time slice.
[DEBUG] Incremented elapsed time to 490.
[DEBUG] No job found for this time slice.
[DEBUG] Incremented elapsed time to 490.
[DEBUG] Time slice 490 begins. Jobs remaining: 1
[DEBUG] Time slice 490 begins. Jobs remaining: 1
[DEBUG] No job found for this time slice.
[DEBUG] Incremented elapsed time to 492.
[DEBUG] No job found for this time slice.
[DEBUG] Incremented elapsed time to 492.
[DEBUG] Time slice 492 begins. Jobs remaining: 1
[DEBUG] Time slice 492 begins. Jobs remaining: 1
[DEBUG] No job found for this time slice.
[DEBUG] Incremented elapsed time to 494.
[DEBUG] No job found for this time slice.
[DEBUG] Incremented elapsed time to 494.
[DEBUG] Time slice 494 begins. Jobs remaining: 1
[DEBUG] Time slice 494 begins. Jobs remaining: 1
[DEBUG] No job found for this time slice.
[DEBUG] Incremented elapsed time to 496.
[DEBUG] No job found for this time slice.
[DEBUG] Incremented elapsed time to 496.
[DEBUG] Time slice 496 begins. Jobs remaining: 1
[DEBUG] Time slice 496 begins. Jobs remaining: 1
[DEBUG] No job found for this time slice.
[DEBUG] Incremented elapsed time to 498.
[DEBUG] No job found for this time slice.
[DEBUG] Incremented elapsed time to 498.
[DEBUG] Time slice 498 begins. Jobs remaining: 1
[DEBUG] Time slice 498 begins. Jobs remaining: 1
[DEBUG] No job found for this time slice.
[DEBUG] Incremented elapsed time to 500.
[DEBUG] No job found for this time slice.
[DEBUG] Incremented elapsed time to 500.
[DEBUG] Time slice 500 begins. Jobs remaining: 1
[DEBUG] Time slice 500 begins. Jobs remaining: 1
[DEBUG] No job found for this time slice.
[DEBUG] Incremented elapsed time to 502.
[DEBUG] No job found for this time slice.
[DEBUG] Incremented elapsed time to 502.
[DEBUG] Time slice 502 begins. Jobs remaining: 1
[DEBUG] Time slice 502 begins. Jobs remaining: 1
[DEBUG] No job found for this time slice.
[DEBUG] Incremented elapsed time to 504.
[DEBUG] No job found for this time slice.
[DEBUG] Incremented elapsed time to 504.
[DEBUG] Time slice 504 begins. Jobs remaining: 1
[DEBUG] Time slice 504 begins. Jobs remaining: 1
[DEBUG] No job found for this time slice.
[DEBUG] Incremented elapsed time to 506.
[DEBUG] No job found for this time slice.
[DEBUG] Incremented elapsed time to 506.
[DEBUG] Time slice 506 begins. Jobs remaining: 1
[DEBUG] Time slice 506 begins. Jobs remaining: 1
[DEBUG] No job found for this time slice.
[DEBUG] Incremented elapsed time to 508.
[DEBUG] No job found for this time slice.
[DEBUG] Incremented elapsed time to 508.
[DEBUG] Time slice 508 begins. Jobs remaining: 1
[DEBUG] Time slice 508 begins. Jobs remaining: 1
[DEBUG] No job found for this time slice.
[DEBUG] Incremented elapsed time to 510.
[DEBUG] No job found for this time slice.
[DEBUG] Incremented elapsed time to 510.
[DEBUG] Time slice 510 begins. Jobs remaining: 1
[DEBUG] Time slice 510 begins. Jobs remaining: 1
[DEBUG] No job found for this time slice.
[DEBUG] Incremented elapsed time to 512.
[DEBUG] No job found for this time slice.
[DEBUG] Incremented elapsed time to 512.
[DEBUG] Time slice 512 begins. Jobs remaining: 1
[DEBUG] Time slice 512 begins. Jobs remaining: 1
[DEBUG] No job found for this time slice.
[DEBUG] Incremented elapsed time to 514.
[DEBUG] No job found for this time slice.
[DEBUG] Incremented elapsed time to 514.
[DEBUG] Time slice 514 begins. Jobs remaining: 1
[DEBUG] Time slice 514 begins. Jobs remaining: 1
[DEBUG] No job found for this time slice.
[DEBUG] Incremented elapsed time to 516.
[DEBUG] No job found for this time slice.
[DEBUG] Incremented elapsed time to 516.
[DEBUG] Time slice 516 begins. Jobs remaining: 1
[DEBUG] Time slice 516 begins. Jobs remaining: 1
[DEBUG] No job found for this time slice.
[DEBUG] Incremented elapsed time to 518.
[DEBUG] No job found for this time slice.
[DEBUG] Incremented elapsed time to 518.
[DEBUG] Time slice 518 begins. Jobs remaining: 1
[DEBUG] Time slice 518 begins. Jobs remaining: 1
[DEBUG] No job found for this time slice.
[DEBUG] Incremented elapsed time to 520.
[DEBUG] No job found for this time slice.
[DEBUG] Incremented elapsed time to 520.
[DEBUG] Time slice 520 begins. Jobs remaining: 1
[DEBUG] Time slice 520 begins. Jobs remaining: 1
[DEBUG] No job found for this time slice.
[DEBUG] Incremented elapsed time to 522.
[DEBUG] No job found for this time slice.
[DEBUG] Incremented elapsed time to 522.
[DEBUG] Time slice 522 begins. Jobs remaining: 1
[DEBUG] Time slice 522 begins. Jobs remaining: 1
[DEBUG] No job found for this time slice.
[DEBUG] Incremented elapsed time to 524.
[DEBUG] No job found for this time slice.
[DEBUG] Incremented elapsed time to 524.
[DEBUG] Time slice 524 begins. Jobs remaining: 1
[DEBUG] Time slice 524 begins. Jobs remaining: 1
[DEBUG] No job found for this time slice.
[DEBUG] Incremented elapsed time to 526.
[DEBUG] No job found for this time slice.
[DEBUG] Incremented elapsed time to 526.
[DEBUG] Time slice 526 begins. Jobs remaining: 1
[DEBUG] Time slice 526 begins. Jobs remaining: 1
[DEBUG] No job found for this time slice.
[DEBUG] Incremented elapsed time to 528.
[DEBUG] No job found for this time slice.
[DEBUG] Incremented elapsed time to 528.
[DEBUG] Time slice 528 begins. Jobs remaining: 1
[DEBUG] Time slice 528 begins. Jobs remaining: 1
[DEBUG] No job found for this time slice.
[DEBUG] Incremented elapsed time to 530.
[DEBUG] No job found for this time slice.
[DEBUG] Incremented elapsed time to 530.
[DEBUG] Time slice 530 begins. Jobs remaining: 1
[DEBUG] Time slice 530 begins. Jobs remaining: 1
[DEBUG] No job found for this time slice.
[DEBUG] Incremented elapsed time to 532.
[DEBUG] No job found for this time slice.
[DEBUG] Incremented elapsed time to 532.
[DEBUG] Time slice 532 begins. Jobs remaining: 1
[DEBUG] Time slice 532 begins. Jobs remaining: 1
[DEBUG] No job found for this time slice.
[DEBUG] Incremented elapsed time to 534.
[DEBUG] No job found for this time slice.
[DEBUG] Incremented elapsed time to 534.
[DEBUG] Time slice 534 begins. Jobs remaining: 1
[DEBUG] Time slice 534 begins. Jobs remaining: 1
[DEBUG] No job found for this time slice.
[DEBUG] Incremented elapsed time to 536.
[DEBUG] No job found for this time slice.
[DEBUG] Incremented elapsed time to 536.
[DEBUG] Time slice 536 begins. Jobs remaining: 1
[DEBUG] Time slice 536 begins. Jobs remaining: 1
[DEBUG] No job found for this time slice.
[DEBUG] Incremented elapsed time to 538.
[DEBUG] No job found for this time slice.
[DEBUG] Incremented elapsed time to 538.
[DEBUG] Time slice 538 begins. Jobs remaining: 1
[DEBUG] Time slice 538 begins. Jobs remaining: 1
[DEBUG] No job found for this time slice.
[DEBUG] Incremented elapsed time to 540.
[DEBUG] No job found for this time slice.
[DEBUG] Incremented elapsed time to 540.
[DEBUG] Time slice 540 begins. Jobs remaining: 1
[DEBUG] Time slice 540 begins. Jobs remaining: 1
[DEBUG] No job found for this time slice.
[DEBUG] Incremented elapsed time to 542.
[DEBUG] No job found for this time slice.
[DEBUG] Incremented elapsed time to 542.
[DEBUG] Time slice 542 begins. Jobs remaining: 1
[DEBUG] Time slice 542 begins. Jobs remaining: 1
[DEBUG] No job found for this time slice.
[DEBUG] Incremented elapsed time to 544.
[DEBUG] No job found for this time slice.
[DEBUG] Incremented elapsed time to 544.
[DEBUG] Time slice 544 begins. Jobs remaining: 1
[DEBUG] Time slice 544 begins. Jobs remaining: 1
[DEBUG] No job found for this time slice.
[DEBUG] Incremented elapsed time to 546.
[DEBUG] No job found for this time slice.
[DEBUG] Incremented elapsed time to 546.
[DEBUG] Time slice 546 begins. Jobs remaining: 1
[DEBUG] Time slice 546 begins. Jobs remaining: 1
[DEBUG] No job found for this time slice.
[DEBUG] Incremented elapsed time to 548.
[DEBUG] No job found for this time slice.
[DEBUG] Incremented elapsed time to 548.
[DEBUG] Time slice 548 begins. Jobs remaining: 1
[DEBUG] Time slice 548 begins. Jobs remaining: 1
[DEBUG] No job found for this time slice.
[DEBUG] Incremented elapsed time to 550.
[DEBUG] No job found for this time slice.
[DEBUG] Incremented elapsed time to 550.
[DEBUG] Time slice 550 begins. Jobs remaining: 1
[DEBUG] Time slice 550 begins. Jobs remaining: 1
[DEBUG] No job found for this time slice.
[DEBUG] Incremented elapsed time to 552.
[DEBUG] No job found for this time slice.
[DEBUG] Incremented elapsed time to 552.
[DEBUG] Time slice 552 begins. Jobs remaining: 1
[DEBUG] Time slice 552 begins. Jobs remaining: 1
[DEBUG] No job found for this time slice.
[DEBUG] Incremented elapsed time to 554.
[DEBUG] No job found for this time slice.
[DEBUG] Incremented elapsed time to 554.
[DEBUG] Time slice 554 begins. Jobs remaining: 1
[DEBUG] Time slice 554 begins. Jobs remaining: 1
[DEBUG] No job found for this time slice.
[DEBUG] Incremented elapsed time to 556.
[DEBUG] No job found for this time slice.
[DEBUG] Incremented elapsed time to 556.
[DEBUG] Time slice 556 begins. Jobs remaining: 1
[DEBUG] Time slice 556 begins. Jobs remaining: 1
[DEBUG] No job found for this time slice.
[DEBUG] Incremented elapsed time to 558.
[DEBUG] No job found for this time slice.
[DEBUG] Incremented elapsed time to 558.
[DEBUG] Time slice 558 begins. Jobs remaining: 1
[DEBUG] Time slice 558 begins. Jobs remaining: 1
[DEBUG] No job found for this time slice.
[DEBUG] Incremented elapsed time to 560.
[DEBUG] No job found for this time slice.
[DEBUG] Incremented elapsed time to 560.
[DEBUG] Time slice 560 begins. Jobs remaining: 1
[DEBUG] Time slice 560 begins. Jobs remaining: 1
[DEBUG] No job found for this time slice.
[DEBUG] Incremented elapsed time to 562.
[DEBUG] No job found for this time slice.
[DEBUG] Incremented elapsed time to 562.
[DEBUG] Time slice 562 begins. Jobs remaining: 1
[DEBUG] Time slice 562 begins. Jobs remaining: 1
[DEBUG] No job found for this time slice.
[DEBUG] Incremented elapsed time to 564.
[DEBUG] No job found for this time slice.
[DEBUG] Incremented elapsed time to 564.
[DEBUG] Time slice 564 begins. Jobs remaining: 1
[DEBUG] Time slice 564 begins. Jobs remaining: 1
[DEBUG] No job found for this time slice.
[DEBUG] Incremented elapsed time to 566.
[DEBUG] No job found for this time slice.
[DEBUG] Incremented elapsed time to 566.
[DEBUG] Time slice 566 begins. Jobs remaining: 1
[DEBUG] Time slice 566 begins. Jobs remaining: 1
[DEBUG] No job found for this time slice.
[DEBUG] Incremented elapsed time to 568.
[DEBUG] No job found for this time slice.
[DEBUG] Incremented elapsed time to 568.
[DEBUG] Time slice 568 begins. Jobs remaining: 1
[DEBUG] Time slice 568 begins. Jobs remaining: 1
[DEBUG] No job found for this time slice.
[DEBUG] Incremented elapsed time to 570.
[DEBUG] No job found for this time slice.
[DEBUG] Incremented elapsed time to 570.
[DEBUG] Time slice 570 begins. Jobs remaining: 1
[DEBUG] Time slice 570 begins. Jobs remaining: 1
[DEBUG] No job found for this time slice.
[DEBUG] Incremented elapsed time to 572.
[DEBUG] No job found for this time slice.
[DEBUG] Incremented elapsed time to 572.
[DEBUG] Time slice 572 begins. Jobs remaining: 1
[DEBUG] Time slice 572 begins. Jobs remaining: 1
[DEBUG] No job found for this time slice.
[DEBUG] Incremented elapsed time to 574.
[DEBUG] No job found for this time slice.
[DEBUG] Incremented elapsed time to 574.
[DEBUG] Time slice 574 begins. Jobs remaining: 1
[DEBUG] Time slice 574 begins. Jobs remaining: 1
[DEBUG] No job found for this time slice.
[DEBUG] Incremented elapsed time to 576.
[DEBUG] No job found for this time slice.
[DEBUG] Incremented elapsed time to 576.
[DEBUG] Time slice 576 begins. Jobs remaining: 1
[DEBUG] Time slice 576 begins. Jobs remaining: 1
[DEBUG] No job found for this time slice.
[DEBUG] Incremented elapsed time to 578.
[DEBUG] No job found for this time slice.
[DEBUG] Incremented elapsed time to 578.
[DEBUG] Time slice 578 begins. Jobs remaining: 1
[DEBUG] Time slice 578 begins. Jobs remaining: 1
[DEBUG] No job found for this time slice.
[DEBUG] Incremented elapsed time to 580.
[DEBUG] No job found for this time slice.
[DEBUG] Incremented elapsed time to 580.
[DEBUG] Time slice 580 begins. Jobs remaining: 1
[DEBUG] Time slice 580 begins. Jobs remaining: 1
[DEBUG] No job found for this time slice.
[DEBUG] Incremented elapsed time to 582.
[DEBUG] No job found for this time slice.
[DEBUG] Incremented elapsed time to 582.
[DEBUG] Time slice 582 begins. Jobs remaining: 1
[DEBUG] Time slice 582 begins. Jobs remaining: 1
[DEBUG] No job found for this time slice.
[DEBUG] Incremented elapsed time to 584.
[DEBUG] No job found for this time slice.
[DEBUG] Incremented elapsed time to 584.
[DEBUG] Time slice 584 begins. Jobs remaining: 1
[DEBUG] Time slice 584 begins. Jobs remaining: 1
[DEBUG] No job found for this time slice.
[DEBUG] Incremented elapsed time to 586.
[DEBUG] No job found for this time slice.
[DEBUG] Incremented elapsed time to 586.
[DEBUG] Time slice 586 begins. Jobs remaining: 1
[DEBUG] Time slice 586 begins. Jobs remaining: 1
[DEBUG] No job found for this time slice.
[DEBUG] Incremented elapsed time to 588.
[DEBUG] No job found for this time slice.
[DEBUG] Incremented elapsed time to 588.
[DEBUG] Time slice 588 begins. Jobs remaining: 1
[DEBUG] Time slice 588 begins. Jobs remaining: 1
[DEBUG] No job found for this time slice.
[DEBUG] Incremented elapsed time to 590.
[DEBUG] No job found for this time slice.
[DEBUG] Incremented elapsed time to 590.
[DEBUG] Time slice 590 begins. Jobs remaining: 1
[DEBUG] Time slice 590 begins. Jobs remaining: 1
[DEBUG] No job found for this time slice.
[DEBUG] Incremented elapsed time to 592.
[DEBUG] No job found for this time slice.
[DEBUG] Incremented elapsed time to 592.
[DEBUG] Time slice 592 begins. Jobs remaining: 1
[DEBUG] Time slice 592 begins. Jobs remaining: 1
[DEBUG] No job found for this time slice.
[DEBUG] Incremented elapsed time to 594.
[DEBUG] No job found for this time slice.
[DEBUG] Incremented elapsed time to 594.
[DEBUG] Time slice 594 begins. Jobs remaining: 1
[DEBUG] Time slice 594 begins. Jobs remaining: 1
[DEBUG] No job found for this time slice.
[DEBUG] Incremented elapsed time to 596.
[DEBUG] No job found for this time slice.
[DEBUG] Incremented elapsed time to 596.
[DEBUG] Time slice 596 begins. Jobs remaining: 1
[DEBUG] Time slice 596 begins. Jobs remaining: 1
[DEBUG] No job found for this time slice.
[DEBUG] Incremented elapsed time to 598.
[DEBUG] No job found for this time slice.
[DEBUG] Incremented elapsed time to 598.
[DEBUG] Time slice 598 begins. Jobs remaining: 1
[DEBUG] Time slice 598 begins. Jobs remaining: 1
[DEBUG] No job found for this time slice.
[DEBUG] Incremented elapsed time to 600.
[DEBUG] No job found for this time slice.
[DEBUG] Incremented elapsed time to 600.
[DEBUG] Time slice 600 begins. Jobs remaining: 1
[DEBUG] Time slice 600 begins. Jobs remaining: 1
[DEBUG] No job found for this time slice.
[DEBUG] Incremented elapsed time to 602.
[DEBUG] No job found for this time slice.
[DEBUG] Incremented elapsed time to 602.
[DEBUG] Time slice 602 begins. Jobs remaining: 1
[DEBUG] Time slice 602 begins. Jobs remaining: 1
[DEBUG] No job found for this time slice.
[DEBUG] Incremented elapsed time to 604.
[DEBUG] No job found for this time slice.
[DEBUG] Incremented elapsed time to 604.
[DEBUG] Time slice 604 begins. Jobs remaining: 1
[DEBUG] Time slice 604 begins. Jobs remaining: 1
[DEBUG] No job found for this time slice.
[DEBUG] Incremented elapsed time to 606.
[DEBUG] No job found for this time slice.
[DEBUG] Incremented elapsed time to 606.
[DEBUG] Time slice 606 begins. Jobs remaining: 1
[DEBUG] Time slice 606 begins. Jobs remaining: 1
[DEBUG] No job found for this time slice.
[DEBUG] Incremented elapsed time to 608.
[DEBUG] No job found for this time slice.
[DEBUG] Incremented elapsed time to 608.
[DEBUG] Time slice 608 begins. Jobs remaining: 1
[DEBUG] Time slice 608 begins. Jobs remaining: 1
[DEBUG] No job found for this time slice.
[DEBUG] Incremented elapsed time to 610.
[DEBUG] No job found for this time slice.
[DEBUG] Incremented elapsed time to 610.
[DEBUG] Time slice 610 begins. Jobs remaining: 1
[DEBUG] Time slice 610 begins. Jobs remaining: 1
[DEBUG] No job found for this time slice.
[DEBUG] Incremented elapsed time to 612.
[DEBUG] No job found for this time slice.
[DEBUG] Incremented elapsed time to 612.
[DEBUG] Time slice 612 begins. Jobs remaining: 1
[DEBUG] Time slice 612 begins. Jobs remaining: 1
[DEBUG] No job found for this time slice.
[DEBUG] Incremented elapsed time to 614.
[DEBUG] No job found for this time slice.
[DEBUG] Incremented elapsed time to 614.
[DEBUG] Time slice 614 begins. Jobs remaining: 1
[DEBUG] Time slice 614 begins. Jobs remaining: 1
[DEBUG] No job found for this time slice.
[DEBUG] Incremented elapsed time to 616.
[DEBUG] No job found for this time slice.
[DEBUG] Incremented elapsed time to 616.
[DEBUG] Time slice 616 begins. Jobs remaining: 1
[DEBUG] Time slice 616 begins. Jobs remaining: 1
[DEBUG] No job found for this time slice.
[DEBUG] Incremented elapsed time to 618.
[DEBUG] No job found for this time slice.
[DEBUG] Incremented elapsed time to 618.
[DEBUG] Time slice 618 begins. Jobs remaining: 1
[DEBUG] Time slice 618 begins. Jobs remaining: 1
[DEBUG] No job found for this time slice.
[DEBUG] Incremented elapsed time to 620.
[DEBUG] No job found for this time slice.
[DEBUG] Incremented elapsed time to 620.
[DEBUG] Time slice 620 begins. Jobs remaining: 1
[DEBUG] Time slice 620 begins. Jobs remaining: 1
[DEBUG] No job found for this time slice.
[DEBUG] Incremented elapsed time to 622.
[DEBUG] No job found for this time slice.
[DEBUG] Incremented elapsed time to 622.
[DEBUG] Time slice 622 begins. Jobs remaining: 1
[DEBUG] Time slice 622 begins. Jobs remaining: 1
[DEBUG] No job found for this time slice.
[DEBUG] Incremented elapsed time to 624.
[DEBUG] No job found for this time slice.
[DEBUG] Incremented elapsed time to 624.
[DEBUG] Time slice 624 begins. Jobs remaining: 1
[DEBUG] Time slice 624 begins. Jobs remaining: 1
[DEBUG] No job found for this time slice.
[DEBUG] Incremented elapsed time to 626.
[DEBUG] No job found for this time slice.
[DEBUG] Incremented elapsed time to 626.
[DEBUG] Time slice 626 begins. Jobs remaining: 1
[DEBUG] Time slice 626 begins. Jobs remaining: 1
[DEBUG] No job found for this time slice.
[DEBUG] Incremented elapsed time to 628.
[DEBUG] No job found for this time slice.
[DEBUG] Incremented elapsed time to 628.
[DEBUG] Time slice 628 begins. Jobs remaining: 1
[DEBUG] Time slice 628 begins. Jobs remaining: 1
[DEBUG] No job found for this time slice.
[DEBUG] Incremented elapsed time to 630.
[DEBUG] No job found for this time slice.
[DEBUG] Incremented elapsed time to 630.
[DEBUG] Time slice 630 begins. Jobs remaining: 1
[DEBUG] Time slice 630 begins. Jobs remaining: 1
[DEBUG] No job found for this time slice.
[DEBUG] Incremented elapsed time to 632.
[DEBUG] No job found for this time slice.
[DEBUG] Incremented elapsed time to 632.
[DEBUG] Time slice 632 begins. Jobs remaining: 1
[DEBUG] No job found for this time slice.
[DEBUG] Incremented elapsed time to 634.
[DEBUG] Time slice 632 begins. Jobs remaining: 1
[DEBUG] No job found for this time slice.
[DEBUG] Incremented elapsed time to 634.
[DEBUG] Time slice 634 begins. Jobs remaining: 1
[DEBUG] No job found for this time slice.
[DEBUG] Incremented elapsed time to 636.
[DEBUG] Time slice 634 begins. Jobs remaining: 1
[DEBUG] No job found for this time slice.
[DEBUG] Incremented elapsed time to 636.
[DEBUG] Time slice 636 begins. Jobs remaining: 1
[DEBUG] Time slice 636 begins. Jobs remaining: 1
[DEBUG] No job found for this time slice.
[DEBUG] Incremented elapsed time to 638.
[DEBUG] No job found for this time slice.
[DEBUG] Incremented elapsed time to 638.
[DEBUG] Time slice 638 begins. Jobs remaining: 1
[DEBUG] Time slice 638 begins. Jobs remaining: 1
[DEBUG] No job found for this time slice.
[DEBUG] Incremented elapsed time to 640.
[DEBUG] No job found for this time slice.
[DEBUG] Incremented elapsed time to 640.
[DEBUG] Time slice 640 begins. Jobs remaining: 1
[DEBUG] Time slice 640 begins. Jobs remaining: 1
[DEBUG] No job found for this time slice.
[DEBUG] Incremented elapsed time to 642.
[DEBUG] No job found for this time slice.
[DEBUG] Incremented elapsed time to 642.
[DEBUG] Time slice 642 begins. Jobs remaining: 1
[DEBUG] Time slice 642 begins. Jobs remaining: 1
[DEBUG] No job found for this time slice.
[DEBUG] Incremented elapsed time to 644.
[DEBUG] No job found for this time slice.
[DEBUG] Incremented elapsed time to 644.
[DEBUG] Time slice 644 begins. Jobs remaining: 1
[DEBUG] Time slice 644 begins. Jobs remaining: 1
[DEBUG] No job found for this time slice.
[DEBUG] Incremented elapsed time to 646.
[DEBUG] No job found for this time slice.
[DEBUG] Incremented elapsed time to 646.
[DEBUG] Time slice 646 begins. Jobs remaining: 1
[DEBUG] Time slice 646 begins. Jobs remaining: 1
[DEBUG] No job found for this time slice.
[DEBUG] Incremented elapsed time to 648.
[DEBUG] No job found for this time slice.
[DEBUG] Incremented elapsed time to 648.
[DEBUG] Time slice 648 begins. Jobs remaining: 1
[DEBUG] Time slice 648 begins. Jobs remaining: 1
[DEBUG] No job found for this time slice.
[DEBUG] Incremented elapsed time to 650.
[DEBUG] No job found for this time slice.
[DEBUG] Incremented elapsed time to 650.
[DEBUG] Time slice 650 begins. Jobs remaining: 1
[DEBUG] Time slice 650 begins. Jobs remaining: 1
[DEBUG] No job found for this time slice.
[DEBUG] Incremented elapsed time to 652.
[DEBUG] No job found for this time slice.
[DEBUG] Incremented elapsed time to 652.
[DEBUG] Time slice 652 begins. Jobs remaining: 1
[DEBUG] Time slice 652 begins. Jobs remaining: 1
[DEBUG] No job found for this time slice.
[DEBUG] Incremented elapsed time to 654.
[DEBUG] No job found for this time slice.
[DEBUG] Incremented elapsed time to 654.
[DEBUG] Time slice 654 begins. Jobs remaining: 1
[DEBUG] Time slice 654 begins. Jobs remaining: 1
[DEBUG] No job found for this time slice.
[DEBUG] Incremented elapsed time to 656.
[DEBUG] No job found for this time slice.
[DEBUG] Incremented elapsed time to 656.
[DEBUG] Time slice 656 begins. Jobs remaining: 1
[DEBUG] Time slice 656 begins. Jobs remaining: 1
[DEBUG] No job found for this time slice.
[DEBUG] Incremented elapsed time to 658.
[DEBUG] No job found for this time slice.
[DEBUG] Incremented elapsed time to 658.
